<?xml version="1.0" encoding="UTF-8"?>
<testsuite name="com.listenup.individualassignment.business.imp.GenreServiceImpTest" tests="7" skipped="0" failures="0" errors="0" timestamp="2022-06-17T01:40:52" hostname="REDICR" time="0.189">
  <properties/>
  <testcase name="editGenreInvalid()" classname="com.listenup.individualassignment.business.imp.GenreServiceImpTest" time="0.112"/>
  <testcase name="getGenreSongs()" classname="com.listenup.individualassignment.business.imp.GenreServiceImpTest" time="0.023"/>
  <testcase name="addGenre()" classname="com.listenup.individualassignment.business.imp.GenreServiceImpTest" time="0.034"/>
  <testcase name="editGenreValid()" classname="com.listenup.individualassignment.business.imp.GenreServiceImpTest" time="0.005"/>
  <testcase name="getGenres()" classname="com.listenup.individualassignment.business.imp.GenreServiceImpTest" time="0.004"/>
  <testcase name="deleteGenreValid()" classname="com.listenup.individualassignment.business.imp.GenreServiceImpTest" time="0.003"/>
  <testcase name="deleteGenreInvalid()" classname="com.listenup.individualassignment.business.imp.GenreServiceImpTest" time="0.003"/>
  <system-out><![CDATA[]]></system-out>
  <system-err><![CDATA[]]></system-err>
</testsuite>
