<?xml version="1.0" encoding="UTF-8"?>
<testsuite name="com.listenup.individualassignment.business.imp.dtoconverter.AlbumDTOConverterTest" tests="5" skipped="0" failures="0" errors="0" timestamp="2022-06-17T01:40:56" hostname="REDICR" time="0.011">
  <properties/>
  <testcase name="convertToDTOList()" classname="com.listenup.individualassignment.business.imp.dtoconverter.AlbumDTOConverterTest" time="0.002"/>
  <testcase name="convertToDTO()" classname="com.listenup.individualassignment.business.imp.dtoconverter.AlbumDTOConverterTest" time="0.001"/>
  <testcase name="convertToModelForCreate()" classname="com.listenup.individualassignment.business.imp.dtoconverter.AlbumDTOConverterTest" time="0.0"/>
  <testcase name="convertToModelForUpdate()" classname="com.listenup.individualassignment.business.imp.dtoconverter.AlbumDTOConverterTest" time="0.001"/>
  <testcase name="convertToDTOForSong()" classname="com.listenup.individualassignment.business.imp.dtoconverter.AlbumDTOConverterTest" time="0.002"/>
  <system-out><![CDATA[]]></system-out>
  <system-err><![CDATA[]]></system-err>
</testsuite>
