<?xml version="1.0" encoding="UTF-8"?>
<testsuite name="com.listenup.individualassignment.repository.AlbumRepositoryTest" tests="3" skipped="0" failures="0" errors="0" timestamp="2022-06-17T01:42:54" hostname="REDICR" time="1.037">
  <properties/>
  <testcase name="getAllAlbums()" classname="com.listenup.individualassignment.repository.AlbumRepositoryTest" time="0.807"/>
  <testcase name="save()" classname="com.listenup.individualassignment.repository.AlbumRepositoryTest" time="0.054"/>
  <testcase name="getAllAlbumSongs()" classname="com.listenup.individualassignment.repository.AlbumRepositoryTest" time="0.174"/>
  <system-out><![CDATA[2022-06-17 03:42:48.733  INFO 11420 --- [    Test worker] b.t.a.o.j.DataJpaTestContextBootstrapper : Neither @ContextConfiguration nor @ContextHierarchy found for test class [com.listenup.individualassignment.repository.AlbumRepositoryTest], using SpringBootContextLoader
2022-06-17 03:42:48.733  INFO 11420 --- [    Test worker] o.s.t.c.support.AbstractContextLoader    : Could not detect default resource locations for test class [com.listenup.individualassignment.repository.AlbumRepositoryTest]: no resource found for suffixes {-context.xml, Context.groovy}.
2022-06-17 03:42:48.733  INFO 11420 --- [    Test worker] t.c.s.AnnotationConfigContextLoaderUtils : Could not detect default configuration classes for test class [com.listenup.individualassignment.repository.AlbumRepositoryTest]: AlbumRepositoryTest does not declare any static, non-private, non-final, nested classes annotated with @Configuration.
2022-06-17 03:42:48.784  INFO 11420 --- [    Test worker] .b.t.c.SpringBootTestContextBootstrapper : Found @SpringBootConfiguration com.listenup.individualassignment.ListenUpApplication for test class com.listenup.individualassignment.repository.AlbumRepositoryTest
2022-06-17 03:42:48.784  INFO 11420 --- [    Test worker] b.t.a.o.j.DataJpaTestContextBootstrapper : Loaded default TestExecutionListener class names from location [META-INF/spring.factories]: [org.springframework.security.test.context.support.WithSecurityContextTestExecutionListener, org.springframework.security.test.context.support.ReactorContextTestExecutionListener, org.springframework.boot.test.autoconfigure.restdocs.RestDocsTestExecutionListener, org.springframework.boot.test.autoconfigure.web.client.MockRestServiceServerResetTestExecutionListener, org.springframework.boot.test.autoconfigure.web.servlet.MockMvcPrintOnlyOnFailureTestExecutionListener, org.springframework.boot.test.autoconfigure.web.servlet.WebDriverTestExecutionListener, org.springframework.boot.test.autoconfigure.webservices.client.MockWebServiceServerTestExecutionListener, org.springframework.boot.test.mock.mockito.MockitoTestExecutionListener, org.springframework.boot.test.mock.mockito.ResetMocksTestExecutionListener, org.springframework.test.context.web.ServletTestExecutionListener, org.springframework.test.context.support.DirtiesContextBeforeModesTestExecutionListener, org.springframework.test.context.event.ApplicationEventsTestExecutionListener, org.springframework.test.context.support.DependencyInjectionTestExecutionListener, org.springframework.test.context.support.DirtiesContextTestExecutionListener, org.springframework.test.context.transaction.TransactionalTestExecutionListener, org.springframework.test.context.jdbc.SqlScriptsTestExecutionListener, org.springframework.test.context.event.EventPublishingTestExecutionListener]
2022-06-17 03:42:48.801  INFO 11420 --- [    Test worker] b.t.a.o.j.DataJpaTestContextBootstrapper : Using TestExecutionListeners: [org.springframework.test.context.web.ServletTestExecutionListener@68eaf390, org.springframework.test.context.support.DirtiesContextBeforeModesTestExecutionListener@3d475c8d, org.springframework.test.context.event.ApplicationEventsTestExecutionListener@67ef5e9b, org.springframework.boot.test.mock.mockito.MockitoTestExecutionListener@54f803a1, org.springframework.boot.test.autoconfigure.SpringBootDependencyInjectionTestExecutionListener@6b311cdd, org.springframework.test.context.support.DirtiesContextTestExecutionListener@6c958602, org.springframework.test.context.transaction.TransactionalTestExecutionListener@7113168d, org.springframework.test.context.jdbc.SqlScriptsTestExecutionListener@65e2e605, org.springframework.security.test.context.support.WithSecurityContextTestExecutionListener@6d6d990, org.springframework.test.context.event.EventPublishingTestExecutionListener@46b3eade, org.springframework.security.test.context.support.ReactorContextTestExecutionListener@2f7d2bfb, org.springframework.boot.test.autoconfigure.restdocs.RestDocsTestExecutionListener@5d5d22df, org.springframework.boot.test.autoconfigure.web.client.MockRestServiceServerResetTestExecutionListener@6df76abd, org.springframework.boot.test.autoconfigure.web.servlet.MockMvcPrintOnlyOnFailureTestExecutionListener@344b88c7, org.springframework.boot.test.autoconfigure.web.servlet.WebDriverTestExecutionListener@722f4f46, org.springframework.boot.test.autoconfigure.webservices.client.MockWebServiceServerTestExecutionListener@46d0c006, org.springframework.boot.test.mock.mockito.ResetMocksTestExecutionListener@1024e8e3]

  .   ____          _            __ _ _
 /\\ / ___'_ __ _ _(_)_ __  __ _ \ \ \ \
( ( )\___ | '_ | '_| | '_ \/ _` | \ \ \ \
 \\/  ___)| |_)| | | | | || (_| |  ) ) ) )
  '  |____| .__|_| |_|_| |_\__, | / / / /
 =========|_|==============|___/=/_/_/_/
 :: Spring Boot ::                (v2.6.3)

2022-06-17 03:42:49.025  INFO 11420 --- [    Test worker] c.l.i.repository.AlbumRepositoryTest     : Starting AlbumRepositoryTest using Java 17.0.2 on RedIcr with PID 11420 (started by nazib in E:\Study\Semester 3\ITS\Individual Assignment\ListenUp)
2022-06-17 03:42:49.025  INFO 11420 --- [    Test worker] c.l.i.repository.AlbumRepositoryTest     : No active profile set, falling back to default profiles: default
2022-06-17 03:42:49.353  INFO 11420 --- [    Test worker] .s.d.r.c.RepositoryConfigurationDelegate : Bootstrapping Spring Data JPA repositories in DEFAULT mode.
2022-06-17 03:42:49.459  INFO 11420 --- [    Test worker] .s.d.r.c.RepositoryConfigurationDelegate : Finished Spring Data repository scanning in 112 ms. Found 6 JPA repository interfaces.
2022-06-17 03:42:49.475  INFO 11420 --- [    Test worker] beddedDataSourceBeanFactoryPostProcessor : Replacing 'dataSource' DataSource bean with embedded version
2022-06-17 03:42:49.634  INFO 11420 --- [    Test worker] o.s.j.d.e.EmbeddedDatabaseFactory        : Starting embedded database: url='jdbc:h2:mem:b27bafd1-15a6-4714-9e67-208cf931aeb4;DB_CLOSE_DELAY=-1;DB_CLOSE_ON_EXIT=false', username='sa'
2022-06-17 03:42:50.968  INFO 11420 --- [    Test worker] o.f.c.internal.license.VersionPrinter    : Flyway Community Edition 8.5.12 by Redgate
2022-06-17 03:42:50.968  INFO 11420 --- [    Test worker] o.f.c.internal.license.VersionPrinter    : See what's new here: https://flywaydb.org/documentation/learnmore/releaseNotes#8.5.12
2022-06-17 03:42:50.968  INFO 11420 --- [    Test worker] o.f.c.internal.license.VersionPrinter    : 
2022-06-17 03:42:50.995  INFO 11420 --- [    Test worker] o.f.c.i.database.base.BaseDatabaseType   : Database: jdbc:h2:mem:b27bafd1-15a6-4714-9e67-208cf931aeb4 (H2 1.4)
2022-06-17 03:42:51.200  INFO 11420 --- [    Test worker] o.f.core.internal.command.DbValidate     : Successfully validated 10 migrations (execution time 00:00.063s)
2022-06-17 03:42:51.277  INFO 11420 --- [    Test worker] o.f.c.i.s.JdbcTableSchemaHistory         : Creating Schema History table "PUBLIC"."flyway_schema_history" ...
2022-06-17 03:42:51.552  INFO 11420 --- [    Test worker] o.f.core.internal.command.DbMigrate      : Current version of schema "PUBLIC": << Empty Schema >>
2022-06-17 03:42:51.592  INFO 11420 --- [    Test worker] o.f.core.internal.command.DbMigrate      : Migrating schema "PUBLIC" to version "1 - CreateInitialTable"
2022-06-17 03:42:51.784  INFO 11420 --- [    Test worker] o.f.core.internal.command.DbMigrate      : Migrating schema "PUBLIC" to version "2 - CreateAdminAndCustomerTable"
2022-06-17 03:42:51.903  INFO 11420 --- [    Test worker] o.f.core.internal.command.DbMigrate      : Migrating schema "PUBLIC" to version "3 - CreateArtistTable"
2022-06-17 03:42:52.054  INFO 11420 --- [    Test worker] o.f.core.internal.command.DbMigrate      : Migrating schema "PUBLIC" to version "4 - CreateGenreTable"
2022-06-17 03:42:52.342  INFO 11420 --- [    Test worker] o.f.core.internal.command.DbMigrate      : Migrating schema "PUBLIC" to version "5 - CreateAlbumTable"
2022-06-17 03:42:52.606  INFO 11420 --- [    Test worker] o.f.core.internal.command.DbMigrate      : Migrating schema "PUBLIC" to version "6 - CreateSongTable"
2022-06-17 03:42:52.734  INFO 11420 --- [    Test worker] o.f.core.internal.command.DbMigrate      : Migrating schema "PUBLIC" to version "7 - CreatePlaylistTable"
2022-06-17 03:42:52.799  INFO 11420 --- [    Test worker] o.f.core.internal.command.DbMigrate      : Migrating schema "PUBLIC" to version "8 - CreatePlaylistSongTable"
2022-06-17 03:42:52.899  INFO 11420 --- [    Test worker] o.f.core.internal.command.DbMigrate      : Migrating schema "PUBLIC" to version "9 - CreateLikedTable"
2022-06-17 03:42:53.017  INFO 11420 --- [    Test worker] o.f.core.internal.command.DbMigrate      : Migrating schema "PUBLIC" to version "10 - CreateUserRoleTable"
2022-06-17 03:42:53.098  INFO 11420 --- [    Test worker] o.f.core.internal.command.DbMigrate      : Successfully applied 10 migrations to schema "PUBLIC", now at version v10 (execution time 00:01.567s)
2022-06-17 03:42:53.255  INFO 11420 --- [    Test worker] o.hibernate.jpa.internal.util.LogHelper  : HHH000204: Processing PersistenceUnitInfo [name: default]
2022-06-17 03:42:53.376  INFO 11420 --- [    Test worker] org.hibernate.dialect.Dialect            : HHH000400: Using dialect: org.hibernate.dialect.H2Dialect
2022-06-17 03:42:53.770  INFO 11420 --- [    Test worker] o.h.e.t.j.p.i.JtaPlatformInitiator       : HHH000490: Using JtaPlatform implementation: [org.hibernate.engine.transaction.jta.platform.internal.NoJtaPlatform]
2022-06-17 03:42:53.771  INFO 11420 --- [    Test worker] j.LocalContainerEntityManagerFactoryBean : Initialized JPA EntityManagerFactory for persistence unit 'default'
2022-06-17 03:42:54.290  INFO 11420 --- [    Test worker] c.l.i.repository.AlbumRepositoryTest     : Started AlbumRepositoryTest in 5.476 seconds (JVM running for 137.26)
2022-06-17 03:42:54.321  INFO 11420 --- [    Test worker] o.s.t.c.transaction.TransactionContext   : Began transaction (1) for test context [DefaultTestContext@5a7a45c0 testClass = AlbumRepositoryTest, testInstance = com.listenup.individualassignment.repository.AlbumRepositoryTest@63a1e6df, testMethod = getAllAlbums@AlbumRepositoryTest, testException = [null], mergedContextConfiguration = [MergedContextConfiguration@4d270a75 testClass = AlbumRepositoryTest, locations = '{}', classes = '{class com.listenup.individualassignment.ListenUpApplication}', contextInitializerClasses = '[]', activeProfiles = '{}', propertySourceLocations = '{}', propertySourceProperties = '{org.springframework.boot.test.autoconfigure.orm.jpa.DataJpaTestContextBootstrapper=true}', contextCustomizers = set[org.springframework.boot.test.autoconfigure.OverrideAutoConfigurationContextCustomizerFactory$DisableAutoConfigurationContextCustomizer@513e7fdc, org.springframework.boot.test.autoconfigure.actuate.metrics.MetricsExportContextCustomizerFactory$DisableMetricExportContextCustomizer@73e93c3a, org.springframework.boot.test.autoconfigure.filter.TypeExcludeFiltersContextCustomizer@351584c0, org.springframework.boot.test.autoconfigure.properties.PropertyMappingContextCustomizer@15c080c3, org.springframework.boot.test.autoconfigure.web.servlet.WebDriverContextCustomizerFactory$Customizer@323eecf8, [ImportsContextCustomizer@4cce5aea key = [org.springframework.boot.autoconfigure.cache.CacheAutoConfiguration, org.springframework.boot.autoconfigure.data.jpa.JpaRepositoriesAutoConfiguration, org.springframework.boot.autoconfigure.flyway.FlywayAutoConfiguration, org.springframework.boot.autoconfigure.jdbc.DataSourceAutoConfiguration, org.springframework.boot.autoconfigure.jdbc.DataSourceTransactionManagerAutoConfiguration, org.springframework.boot.autoconfigure.jdbc.JdbcTemplateAutoConfiguration, org.springframework.boot.autoconfigure.liquibase.LiquibaseAutoConfiguration, org.springframework.boot.autoconfigure.orm.jpa.HibernateJpaAutoConfiguration, org.springframework.boot.autoconfigure.sql.init.SqlInitializationAutoConfiguration, org.springframework.boot.autoconfigure.transaction.TransactionAutoConfiguration, org.springframework.boot.test.autoconfigure.jdbc.TestDatabaseAutoConfiguration, org.springframework.boot.test.autoconfigure.orm.jpa.TestEntityManagerAutoConfiguration]], org.springframework.boot.test.context.filter.ExcludeFilterContextCustomizer@21ab919c, org.springframework.boot.test.json.DuplicateJsonObjectContextCustomizerFactory$DuplicateJsonObjectContextCustomizer@414d2821, org.springframework.boot.test.mock.mockito.MockitoContextCustomizer@0, org.springframework.boot.test.context.SpringBootTestArgs@1, org.springframework.boot.test.context.SpringBootTestWebEnvironment@0], contextLoader = 'org.springframework.boot.test.context.SpringBootContextLoader', parent = [null]], attributes = map['org.springframework.test.context.event.ApplicationEventsTestExecutionListener.recordApplicationEvents' -> false]]; transaction manager [org.springframework.orm.jpa.JpaTransactionManager@353ea2f9]; rollback [true]
Hibernate: insert into artist (id, name) values (null, ?)
Hibernate: insert into album (id, artist_id, name, released_date, uploaded_date) values (null, ?, ?, ?, ?)
Hibernate: insert into album (id, artist_id, name, released_date, uploaded_date) values (null, ?, ?, ?, ?)
Hibernate: select album0_.id as id1_1_, album0_.artist_id as artist_i5_1_, album0_.name as name2_1_, album0_.released_date as released3_1_, album0_.uploaded_date as uploaded4_1_ from album album0_
2022-06-17 03:42:55.099  INFO 11420 --- [    Test worker] o.s.t.c.transaction.TransactionContext   : Rolled back transaction for test: [DefaultTestContext@5a7a45c0 testClass = AlbumRepositoryTest, testInstance = com.listenup.individualassignment.repository.AlbumRepositoryTest@63a1e6df, testMethod = getAllAlbums@AlbumRepositoryTest, testException = [null], mergedContextConfiguration = [MergedContextConfiguration@4d270a75 testClass = AlbumRepositoryTest, locations = '{}', classes = '{class com.listenup.individualassignment.ListenUpApplication}', contextInitializerClasses = '[]', activeProfiles = '{}', propertySourceLocations = '{}', propertySourceProperties = '{org.springframework.boot.test.autoconfigure.orm.jpa.DataJpaTestContextBootstrapper=true}', contextCustomizers = set[org.springframework.boot.test.autoconfigure.OverrideAutoConfigurationContextCustomizerFactory$DisableAutoConfigurationContextCustomizer@513e7fdc, org.springframework.boot.test.autoconfigure.actuate.metrics.MetricsExportContextCustomizerFactory$DisableMetricExportContextCustomizer@73e93c3a, org.springframework.boot.test.autoconfigure.filter.TypeExcludeFiltersContextCustomizer@351584c0, org.springframework.boot.test.autoconfigure.properties.PropertyMappingContextCustomizer@15c080c3, org.springframework.boot.test.autoconfigure.web.servlet.WebDriverContextCustomizerFactory$Customizer@323eecf8, [ImportsContextCustomizer@4cce5aea key = [org.springframework.boot.autoconfigure.cache.CacheAutoConfiguration, org.springframework.boot.autoconfigure.data.jpa.JpaRepositoriesAutoConfiguration, org.springframework.boot.autoconfigure.flyway.FlywayAutoConfiguration, org.springframework.boot.autoconfigure.jdbc.DataSourceAutoConfiguration, org.springframework.boot.autoconfigure.jdbc.DataSourceTransactionManagerAutoConfiguration, org.springframework.boot.autoconfigure.jdbc.JdbcTemplateAutoConfiguration, org.springframework.boot.autoconfigure.liquibase.LiquibaseAutoConfiguration, org.springframework.boot.autoconfigure.orm.jpa.HibernateJpaAutoConfiguration, org.springframework.boot.autoconfigure.sql.init.SqlInitializationAutoConfiguration, org.springframework.boot.autoconfigure.transaction.TransactionAutoConfiguration, org.springframework.boot.test.autoconfigure.jdbc.TestDatabaseAutoConfiguration, org.springframework.boot.test.autoconfigure.orm.jpa.TestEntityManagerAutoConfiguration]], org.springframework.boot.test.context.filter.ExcludeFilterContextCustomizer@21ab919c, org.springframework.boot.test.json.DuplicateJsonObjectContextCustomizerFactory$DuplicateJsonObjectContextCustomizer@414d2821, org.springframework.boot.test.mock.mockito.MockitoContextCustomizer@0, org.springframework.boot.test.context.SpringBootTestArgs@1, org.springframework.boot.test.context.SpringBootTestWebEnvironment@0], contextLoader = 'org.springframework.boot.test.context.SpringBootContextLoader', parent = [null]], attributes = map['org.springframework.test.context.event.ApplicationEventsTestExecutionListener.recordApplicationEvents' -> false]]
2022-06-17 03:42:55.099  INFO 11420 --- [    Test worker] o.s.t.c.transaction.TransactionContext   : Began transaction (1) for test context [DefaultTestContext@5a7a45c0 testClass = AlbumRepositoryTest, testInstance = com.listenup.individualassignment.repository.AlbumRepositoryTest@63a3094d, testMethod = save@AlbumRepositoryTest, testException = [null], mergedContextConfiguration = [MergedContextConfiguration@4d270a75 testClass = AlbumRepositoryTest, locations = '{}', classes = '{class com.listenup.individualassignment.ListenUpApplication}', contextInitializerClasses = '[]', activeProfiles = '{}', propertySourceLocations = '{}', propertySourceProperties = '{org.springframework.boot.test.autoconfigure.orm.jpa.DataJpaTestContextBootstrapper=true}', contextCustomizers = set[org.springframework.boot.test.autoconfigure.OverrideAutoConfigurationContextCustomizerFactory$DisableAutoConfigurationContextCustomizer@513e7fdc, org.springframework.boot.test.autoconfigure.actuate.metrics.MetricsExportContextCustomizerFactory$DisableMetricExportContextCustomizer@73e93c3a, org.springframework.boot.test.autoconfigure.filter.TypeExcludeFiltersContextCustomizer@351584c0, org.springframework.boot.test.autoconfigure.properties.PropertyMappingContextCustomizer@15c080c3, org.springframework.boot.test.autoconfigure.web.servlet.WebDriverContextCustomizerFactory$Customizer@323eecf8, [ImportsContextCustomizer@4cce5aea key = [org.springframework.boot.autoconfigure.cache.CacheAutoConfiguration, org.springframework.boot.autoconfigure.data.jpa.JpaRepositoriesAutoConfiguration, org.springframework.boot.autoconfigure.flyway.FlywayAutoConfiguration, org.springframework.boot.autoconfigure.jdbc.DataSourceAutoConfiguration, org.springframework.boot.autoconfigure.jdbc.DataSourceTransactionManagerAutoConfiguration, org.springframework.boot.autoconfigure.jdbc.JdbcTemplateAutoConfiguration, org.springframework.boot.autoconfigure.liquibase.LiquibaseAutoConfiguration, org.springframework.boot.autoconfigure.orm.jpa.HibernateJpaAutoConfiguration, org.springframework.boot.autoconfigure.sql.init.SqlInitializationAutoConfiguration, org.springframework.boot.autoconfigure.transaction.TransactionAutoConfiguration, org.springframework.boot.test.autoconfigure.jdbc.TestDatabaseAutoConfiguration, org.springframework.boot.test.autoconfigure.orm.jpa.TestEntityManagerAutoConfiguration]], org.springframework.boot.test.context.filter.ExcludeFilterContextCustomizer@21ab919c, org.springframework.boot.test.json.DuplicateJsonObjectContextCustomizerFactory$DuplicateJsonObjectContextCustomizer@414d2821, org.springframework.boot.test.mock.mockito.MockitoContextCustomizer@0, org.springframework.boot.test.context.SpringBootTestArgs@1, org.springframework.boot.test.context.SpringBootTestWebEnvironment@0], contextLoader = 'org.springframework.boot.test.context.SpringBootContextLoader', parent = [null]], attributes = map['org.springframework.test.context.event.ApplicationEventsTestExecutionListener.recordApplicationEvents' -> false]]; transaction manager [org.springframework.orm.jpa.JpaTransactionManager@353ea2f9]; rollback [true]
Hibernate: insert into artist (id, name) values (null, ?)
Hibernate: insert into album (id, artist_id, name, released_date, uploaded_date) values (null, ?, ?, ?, ?)
2022-06-17 03:42:55.153  INFO 11420 --- [    Test worker] o.s.t.c.transaction.TransactionContext   : Rolled back transaction for test: [DefaultTestContext@5a7a45c0 testClass = AlbumRepositoryTest, testInstance = com.listenup.individualassignment.repository.AlbumRepositoryTest@63a3094d, testMethod = save@AlbumRepositoryTest, testException = [null], mergedContextConfiguration = [MergedContextConfiguration@4d270a75 testClass = AlbumRepositoryTest, locations = '{}', classes = '{class com.listenup.individualassignment.ListenUpApplication}', contextInitializerClasses = '[]', activeProfiles = '{}', propertySourceLocations = '{}', propertySourceProperties = '{org.springframework.boot.test.autoconfigure.orm.jpa.DataJpaTestContextBootstrapper=true}', contextCustomizers = set[org.springframework.boot.test.autoconfigure.OverrideAutoConfigurationContextCustomizerFactory$DisableAutoConfigurationContextCustomizer@513e7fdc, org.springframework.boot.test.autoconfigure.actuate.metrics.MetricsExportContextCustomizerFactory$DisableMetricExportContextCustomizer@73e93c3a, org.springframework.boot.test.autoconfigure.filter.TypeExcludeFiltersContextCustomizer@351584c0, org.springframework.boot.test.autoconfigure.properties.PropertyMappingContextCustomizer@15c080c3, org.springframework.boot.test.autoconfigure.web.servlet.WebDriverContextCustomizerFactory$Customizer@323eecf8, [ImportsContextCustomizer@4cce5aea key = [org.springframework.boot.autoconfigure.cache.CacheAutoConfiguration, org.springframework.boot.autoconfigure.data.jpa.JpaRepositoriesAutoConfiguration, org.springframework.boot.autoconfigure.flyway.FlywayAutoConfiguration, org.springframework.boot.autoconfigure.jdbc.DataSourceAutoConfiguration, org.springframework.boot.autoconfigure.jdbc.DataSourceTransactionManagerAutoConfiguration, org.springframework.boot.autoconfigure.jdbc.JdbcTemplateAutoConfiguration, org.springframework.boot.autoconfigure.liquibase.LiquibaseAutoConfiguration, org.springframework.boot.autoconfigure.orm.jpa.HibernateJpaAutoConfiguration, org.springframework.boot.autoconfigure.sql.init.SqlInitializationAutoConfiguration, org.springframework.boot.autoconfigure.transaction.TransactionAutoConfiguration, org.springframework.boot.test.autoconfigure.jdbc.TestDatabaseAutoConfiguration, org.springframework.boot.test.autoconfigure.orm.jpa.TestEntityManagerAutoConfiguration]], org.springframework.boot.test.context.filter.ExcludeFilterContextCustomizer@21ab919c, org.springframework.boot.test.json.DuplicateJsonObjectContextCustomizerFactory$DuplicateJsonObjectContextCustomizer@414d2821, org.springframework.boot.test.mock.mockito.MockitoContextCustomizer@0, org.springframework.boot.test.context.SpringBootTestArgs@1, org.springframework.boot.test.context.SpringBootTestWebEnvironment@0], contextLoader = 'org.springframework.boot.test.context.SpringBootContextLoader', parent = [null]], attributes = map['org.springframework.test.context.event.ApplicationEventsTestExecutionListener.recordApplicationEvents' -> false]]
2022-06-17 03:42:55.153  INFO 11420 --- [    Test worker] o.s.t.c.transaction.TransactionContext   : Began transaction (1) for test context [DefaultTestContext@5a7a45c0 testClass = AlbumRepositoryTest, testInstance = com.listenup.individualassignment.repository.AlbumRepositoryTest@221543eb, testMethod = getAllAlbumSongs@AlbumRepositoryTest, testException = [null], mergedContextConfiguration = [MergedContextConfiguration@4d270a75 testClass = AlbumRepositoryTest, locations = '{}', classes = '{class com.listenup.individualassignment.ListenUpApplication}', contextInitializerClasses = '[]', activeProfiles = '{}', propertySourceLocations = '{}', propertySourceProperties = '{org.springframework.boot.test.autoconfigure.orm.jpa.DataJpaTestContextBootstrapper=true}', contextCustomizers = set[org.springframework.boot.test.autoconfigure.OverrideAutoConfigurationContextCustomizerFactory$DisableAutoConfigurationContextCustomizer@513e7fdc, org.springframework.boot.test.autoconfigure.actuate.metrics.MetricsExportContextCustomizerFactory$DisableMetricExportContextCustomizer@73e93c3a, org.springframework.boot.test.autoconfigure.filter.TypeExcludeFiltersContextCustomizer@351584c0, org.springframework.boot.test.autoconfigure.properties.PropertyMappingContextCustomizer@15c080c3, org.springframework.boot.test.autoconfigure.web.servlet.WebDriverContextCustomizerFactory$Customizer@323eecf8, [ImportsContextCustomizer@4cce5aea key = [org.springframework.boot.autoconfigure.cache.CacheAutoConfiguration, org.springframework.boot.autoconfigure.data.jpa.JpaRepositoriesAutoConfiguration, org.springframework.boot.autoconfigure.flyway.FlywayAutoConfiguration, org.springframework.boot.autoconfigure.jdbc.DataSourceAutoConfiguration, org.springframework.boot.autoconfigure.jdbc.DataSourceTransactionManagerAutoConfiguration, org.springframework.boot.autoconfigure.jdbc.JdbcTemplateAutoConfiguration, org.springframework.boot.autoconfigure.liquibase.LiquibaseAutoConfiguration, org.springframework.boot.autoconfigure.orm.jpa.HibernateJpaAutoConfiguration, org.springframework.boot.autoconfigure.sql.init.SqlInitializationAutoConfiguration, org.springframework.boot.autoconfigure.transaction.TransactionAutoConfiguration, org.springframework.boot.test.autoconfigure.jdbc.TestDatabaseAutoConfiguration, org.springframework.boot.test.autoconfigure.orm.jpa.TestEntityManagerAutoConfiguration]], org.springframework.boot.test.context.filter.ExcludeFilterContextCustomizer@21ab919c, org.springframework.boot.test.json.DuplicateJsonObjectContextCustomizerFactory$DuplicateJsonObjectContextCustomizer@414d2821, org.springframework.boot.test.mock.mockito.MockitoContextCustomizer@0, org.springframework.boot.test.context.SpringBootTestArgs@1, org.springframework.boot.test.context.SpringBootTestWebEnvironment@0], contextLoader = 'org.springframework.boot.test.context.SpringBootContextLoader', parent = [null]], attributes = map['org.springframework.test.context.event.ApplicationEventsTestExecutionListener.recordApplicationEvents' -> false]]; transaction manager [org.springframework.orm.jpa.JpaTransactionManager@353ea2f9]; rollback [true]
Hibernate: insert into artist (id, name) values (null, ?)
Hibernate: insert into genre (id, name) values (null, ?)
Hibernate: insert into album (id, artist_id, name, released_date, uploaded_date) values (null, ?, ?, ?, ?)
Hibernate: insert into song (id, artist_id, genre_id, name, released_date, uploaded_date) values (null, ?, ?, ?, ?, ?)
Hibernate: insert into album_song (album_id, id) values (?, ?)
Hibernate: select album0_.id as id1_1_0_, album0_.artist_id as artist_i5_1_0_, album0_.name as name2_1_0_, album0_.released_date as released3_1_0_, album0_.uploaded_date as uploaded4_1_0_, artist1_.id as id1_3_1_, artist1_.name as name2_3_1_ from album album0_ inner join artist artist1_ on album0_.artist_id=artist1_.id where album0_.id=?
Hibernate: select albumsongs0_.album_id as album_id2_2_0_, albumsongs0_.id as id1_2_0_, albumsongs0_.id as id1_12_1_, albumsongs0_1_.artist_id as artist_i5_12_1_, albumsongs0_1_.genre_id as genre_id6_12_1_, albumsongs0_1_.name as name2_12_1_, albumsongs0_1_.released_date as released3_12_1_, albumsongs0_1_.uploaded_date as uploaded4_12_1_, albumsongs0_.album_id as album_id2_2_1_, artist1_.id as id1_3_2_, artist1_.name as name2_3_2_, genre2_.id as id1_6_3_, genre2_.name as name2_6_3_ from album_song albumsongs0_ inner join song albumsongs0_1_ on albumsongs0_.id=albumsongs0_1_.id inner join artist artist1_ on albumsongs0_1_.artist_id=artist1_.id inner join genre genre2_ on albumsongs0_1_.genre_id=genre2_.id where albumsongs0_.album_id=?
2022-06-17 03:42:55.336  INFO 11420 --- [    Test worker] o.s.t.c.transaction.TransactionContext   : Rolled back transaction for test: [DefaultTestContext@5a7a45c0 testClass = AlbumRepositoryTest, testInstance = com.listenup.individualassignment.repository.AlbumRepositoryTest@221543eb, testMethod = getAllAlbumSongs@AlbumRepositoryTest, testException = [null], mergedContextConfiguration = [MergedContextConfiguration@4d270a75 testClass = AlbumRepositoryTest, locations = '{}', classes = '{class com.listenup.individualassignment.ListenUpApplication}', contextInitializerClasses = '[]', activeProfiles = '{}', propertySourceLocations = '{}', propertySourceProperties = '{org.springframework.boot.test.autoconfigure.orm.jpa.DataJpaTestContextBootstrapper=true}', contextCustomizers = set[org.springframework.boot.test.autoconfigure.OverrideAutoConfigurationContextCustomizerFactory$DisableAutoConfigurationContextCustomizer@513e7fdc, org.springframework.boot.test.autoconfigure.actuate.metrics.MetricsExportContextCustomizerFactory$DisableMetricExportContextCustomizer@73e93c3a, org.springframework.boot.test.autoconfigure.filter.TypeExcludeFiltersContextCustomizer@351584c0, org.springframework.boot.test.autoconfigure.properties.PropertyMappingContextCustomizer@15c080c3, org.springframework.boot.test.autoconfigure.web.servlet.WebDriverContextCustomizerFactory$Customizer@323eecf8, [ImportsContextCustomizer@4cce5aea key = [org.springframework.boot.autoconfigure.cache.CacheAutoConfiguration, org.springframework.boot.autoconfigure.data.jpa.JpaRepositoriesAutoConfiguration, org.springframework.boot.autoconfigure.flyway.FlywayAutoConfiguration, org.springframework.boot.autoconfigure.jdbc.DataSourceAutoConfiguration, org.springframework.boot.autoconfigure.jdbc.DataSourceTransactionManagerAutoConfiguration, org.springframework.boot.autoconfigure.jdbc.JdbcTemplateAutoConfiguration, org.springframework.boot.autoconfigure.liquibase.LiquibaseAutoConfiguration, org.springframework.boot.autoconfigure.orm.jpa.HibernateJpaAutoConfiguration, org.springframework.boot.autoconfigure.sql.init.SqlInitializationAutoConfiguration, org.springframework.boot.autoconfigure.transaction.TransactionAutoConfiguration, org.springframework.boot.test.autoconfigure.jdbc.TestDatabaseAutoConfiguration, org.springframework.boot.test.autoconfigure.orm.jpa.TestEntityManagerAutoConfiguration]], org.springframework.boot.test.context.filter.ExcludeFilterContextCustomizer@21ab919c, org.springframework.boot.test.json.DuplicateJsonObjectContextCustomizerFactory$DuplicateJsonObjectContextCustomizer@414d2821, org.springframework.boot.test.mock.mockito.MockitoContextCustomizer@0, org.springframework.boot.test.context.SpringBootTestArgs@1, org.springframework.boot.test.context.SpringBootTestWebEnvironment@0], contextLoader = 'org.springframework.boot.test.context.SpringBootContextLoader', parent = [null]], attributes = map['org.springframework.test.context.event.ApplicationEventsTestExecutionListener.recordApplicationEvents' -> false]]
]]></system-out>
  <system-err><![CDATA[]]></system-err>
</testsuite>
