<?xml version="1.0" encoding="UTF-8"?>
<testsuite name="com.listenup.individualassignment.controller.LoginControllerTest" tests="1" skipped="0" failures="0" errors="0" timestamp="2022-06-17T01:42:31" hostname="REDICR" time="0.303">
  <properties/>
  <testcase name="login()" classname="com.listenup.individualassignment.controller.LoginControllerTest" time="0.303"/>
  <system-out><![CDATA[2022-06-17 03:42:21.243  INFO 11420 --- [    Test worker] .b.t.c.SpringBootTestContextBootstrapper : Neither @ContextConfiguration nor @ContextHierarchy found for test class [com.listenup.individualassignment.controller.LoginControllerTest], using SpringBootContextLoader
2022-06-17 03:42:21.243  INFO 11420 --- [    Test worker] o.s.t.c.support.AbstractContextLoader    : Could not detect default resource locations for test class [com.listenup.individualassignment.controller.LoginControllerTest]: no resource found for suffixes {-context.xml, Context.groovy}.
2022-06-17 03:42:21.243  INFO 11420 --- [    Test worker] t.c.s.AnnotationConfigContextLoaderUtils : Could not detect default configuration classes for test class [com.listenup.individualassignment.controller.LoginControllerTest]: LoginControllerTest does not declare any static, non-private, non-final, nested classes annotated with @Configuration.
2022-06-17 03:42:21.243  INFO 11420 --- [    Test worker] .b.t.c.SpringBootTestContextBootstrapper : Found @SpringBootConfiguration com.listenup.individualassignment.ListenUpApplication for test class com.listenup.individualassignment.controller.LoginControllerTest
2022-06-17 03:42:21.243  INFO 11420 --- [    Test worker] .b.t.c.SpringBootTestContextBootstrapper : Loaded default TestExecutionListener class names from location [META-INF/spring.factories]: [org.springframework.security.test.context.support.WithSecurityContextTestExecutionListener, org.springframework.security.test.context.support.ReactorContextTestExecutionListener, org.springframework.boot.test.autoconfigure.restdocs.RestDocsTestExecutionListener, org.springframework.boot.test.autoconfigure.web.client.MockRestServiceServerResetTestExecutionListener, org.springframework.boot.test.autoconfigure.web.servlet.MockMvcPrintOnlyOnFailureTestExecutionListener, org.springframework.boot.test.autoconfigure.web.servlet.WebDriverTestExecutionListener, org.springframework.boot.test.autoconfigure.webservices.client.MockWebServiceServerTestExecutionListener, org.springframework.boot.test.mock.mockito.MockitoTestExecutionListener, org.springframework.boot.test.mock.mockito.ResetMocksTestExecutionListener, org.springframework.test.context.web.ServletTestExecutionListener, org.springframework.test.context.support.DirtiesContextBeforeModesTestExecutionListener, org.springframework.test.context.event.ApplicationEventsTestExecutionListener, org.springframework.test.context.support.DependencyInjectionTestExecutionListener, org.springframework.test.context.support.DirtiesContextTestExecutionListener, org.springframework.test.context.transaction.TransactionalTestExecutionListener, org.springframework.test.context.jdbc.SqlScriptsTestExecutionListener, org.springframework.test.context.event.EventPublishingTestExecutionListener]
2022-06-17 03:42:21.243  INFO 11420 --- [    Test worker] .b.t.c.SpringBootTestContextBootstrapper : Using TestExecutionListeners: [org.springframework.test.context.web.ServletTestExecutionListener@62255858, org.springframework.test.context.support.DirtiesContextBeforeModesTestExecutionListener@255fdc0e, org.springframework.test.context.event.ApplicationEventsTestExecutionListener@6161c24c, org.springframework.boot.test.mock.mockito.MockitoTestExecutionListener@2de688d0, org.springframework.boot.test.autoconfigure.SpringBootDependencyInjectionTestExecutionListener@6549e2ac, org.springframework.test.context.support.DirtiesContextTestExecutionListener@3e2deda7, org.springframework.test.context.transaction.TransactionalTestExecutionListener@51313b8c, org.springframework.test.context.jdbc.SqlScriptsTestExecutionListener@48089972, org.springframework.security.test.context.support.WithSecurityContextTestExecutionListener@62fe5e5d, org.springframework.test.context.event.EventPublishingTestExecutionListener@33efc770, org.springframework.security.test.context.support.ReactorContextTestExecutionListener@6bda77da, org.springframework.boot.test.autoconfigure.restdocs.RestDocsTestExecutionListener@6795a0da, org.springframework.boot.test.autoconfigure.web.client.MockRestServiceServerResetTestExecutionListener@770916c3, org.springframework.boot.test.autoconfigure.web.servlet.MockMvcPrintOnlyOnFailureTestExecutionListener@3a909b15, org.springframework.boot.test.autoconfigure.web.servlet.WebDriverTestExecutionListener@2cc4f3a, org.springframework.boot.test.autoconfigure.webservices.client.MockWebServiceServerTestExecutionListener@4895bcc9, org.springframework.boot.test.mock.mockito.ResetMocksTestExecutionListener@77950416]

  .   ____          _            __ _ _
 /\\ / ___'_ __ _ _(_)_ __  __ _ \ \ \ \
( ( )\___ | '_ | '_| | '_ \/ _` | \ \ \ \
 \\/  ___)| |_)| | | | | || (_| |  ) ) ) )
  '  |____| .__|_| |_|_| |_\__, | / / / /
 =========|_|==============|___/=/_/_/_/
 :: Spring Boot ::                (v2.6.3)

2022-06-17 03:42:21.310  INFO 11420 --- [    Test worker] c.l.i.controller.LoginControllerTest     : Starting LoginControllerTest using Java 17.0.2 on RedIcr with PID 11420 (started by nazib in E:\Study\Semester 3\ITS\Individual Assignment\ListenUp)
2022-06-17 03:42:21.310  INFO 11420 --- [    Test worker] c.l.i.controller.LoginControllerTest     : No active profile set, falling back to default profiles: default
2022-06-17 03:42:22.529  INFO 11420 --- [    Test worker] .s.d.r.c.RepositoryConfigurationDelegate : Bootstrapping Spring Data JPA repositories in DEFAULT mode.
2022-06-17 03:42:22.671  INFO 11420 --- [    Test worker] .s.d.r.c.RepositoryConfigurationDelegate : Finished Spring Data repository scanning in 133 ms. Found 6 JPA repository interfaces.
2022-06-17 03:42:23.236  INFO 11420 --- [    Test worker] trationDelegate$BeanPostProcessorChecker : Bean 'methodSecurityConfig' of type [com.listenup.individualassignment.configuration.security.MethodSecurityConfig$$EnhancerBySpringCGLIB$$508bedbf] is not eligible for getting processed by all BeanPostProcessors (for example: not eligible for auto-proxying)
2022-06-17 03:42:23.425  INFO 11420 --- [    Test worker] o.f.c.internal.license.VersionPrinter    : Flyway Community Edition 8.5.12 by Redgate
2022-06-17 03:42:23.425  INFO 11420 --- [    Test worker] o.f.c.internal.license.VersionPrinter    : See what's new here: https://flywaydb.org/documentation/learnmore/releaseNotes#8.5.12
2022-06-17 03:42:23.425  INFO 11420 --- [    Test worker] o.f.c.internal.license.VersionPrinter    : 
2022-06-17 03:42:23.443  INFO 11420 --- [    Test worker] com.zaxxer.hikari.HikariDataSource       : HikariPool-4 - Starting...
2022-06-17 03:42:23.479  INFO 11420 --- [    Test worker] com.zaxxer.hikari.HikariDataSource       : HikariPool-4 - Start completed.
2022-06-17 03:42:23.480  INFO 11420 --- [    Test worker] o.f.c.i.database.base.BaseDatabaseType   : Database: jdbc:mysql://localhost:3306/listen_up (MySQL 8.0)
2022-06-17 03:42:23.601  INFO 11420 --- [    Test worker] o.f.core.internal.command.DbValidate     : Successfully validated 10 migrations (execution time 00:00.071s)
2022-06-17 03:42:23.620  INFO 11420 --- [    Test worker] o.f.core.internal.command.DbMigrate      : Current version of schema `listen_up`: 10
2022-06-17 03:42:23.620  INFO 11420 --- [    Test worker] o.f.core.internal.command.DbMigrate      : Schema `listen_up` is up to date. No migration necessary.
2022-06-17 03:42:24.235  INFO 11420 --- [    Test worker] o.hibernate.jpa.internal.util.LogHelper  : HHH000204: Processing PersistenceUnitInfo [name: default]
2022-06-17 03:42:24.523  INFO 11420 --- [    Test worker] org.hibernate.dialect.Dialect            : HHH000400: Using dialect: org.hibernate.dialect.MySQL8Dialect
2022-06-17 03:42:25.316  INFO 11420 --- [    Test worker] o.h.e.t.j.p.i.JtaPlatformInitiator       : HHH000490: Using JtaPlatform implementation: [org.hibernate.engine.transaction.jta.platform.internal.NoJtaPlatform]
2022-06-17 03:42:25.317  INFO 11420 --- [    Test worker] j.LocalContainerEntityManagerFactoryBean : Initialized JPA EntityManagerFactory for persistence unit 'default'
2022-06-17 03:42:26.674  INFO 11420 --- [    Test worker] .s.s.UserDetailsServiceAutoConfiguration : 

Using generated security password: 539ad0e2-1021-4aa4-91c8-102890790d53

2022-06-17 03:42:27.005  INFO 11420 --- [    Test worker] o.s.s.web.DefaultSecurityFilterChain     : Will secure any request with [org.springframework.security.web.context.request.async.WebAsyncManagerIntegrationFilter@2b842ccc, org.springframework.security.web.context.SecurityContextPersistenceFilter@7137cb1a, org.springframework.security.web.header.HeaderWriterFilter@5c69e8ff, org.springframework.security.web.authentication.logout.LogoutFilter@7dfb2e5, org.springframework.security.web.savedrequest.RequestCacheAwareFilter@49d33379, org.springframework.security.web.servletapi.SecurityContextHolderAwareRequestFilter@40b4180b, org.springframework.security.web.authentication.AnonymousAuthenticationFilter@5136fbc3, org.springframework.security.web.session.SessionManagementFilter@739c3313, org.springframework.security.web.access.ExceptionTranslationFilter@709c1ad4]
2022-06-17 03:42:31.727  INFO 11420 --- [    Test worker] o.s.b.t.m.w.SpringBootMockServletContext : Initializing Spring TestDispatcherServlet ''
2022-06-17 03:42:31.727  INFO 11420 --- [    Test worker] o.s.t.web.servlet.TestDispatcherServlet  : Initializing Servlet ''
2022-06-17 03:42:31.729  INFO 11420 --- [    Test worker] o.s.t.web.servlet.TestDispatcherServlet  : Completed initialization in 1 ms
2022-06-17 03:42:31.890  INFO 11420 --- [    Test worker] c.l.i.controller.LoginControllerTest     : Started LoginControllerTest in 10.631 seconds (JVM running for 114.864)

MockHttpServletRequest:
      HTTP Method = POST
      Request URI = /login
       Parameters = {}
          Headers = [Content-Type:"application/json;charset=UTF-8", Content-Length:"65"]
             Body = {
    "email": "yellow@gmail.com",
    "password": "123Yellow"
}

    Session Attrs = {}

Handler:
             Type = com.listenup.individualassignment.controller.LoginController
           Method = com.listenup.individualassignment.controller.LoginController#login(LoginRequestDTO)

Async:
    Async started = false
     Async result = null

Resolved Exception:
             Type = null

ModelAndView:
        View name = null
             View = null
            Model = null

FlashMap:
       Attributes = null

MockHttpServletResponse:
           Status = 200
    Error message = null
          Headers = [Vary:"Origin", "Access-Control-Request-Method", "Access-Control-Request-Headers", Content-Type:"application/json", X-Content-Type-Options:"nosniff", X-XSS-Protection:"1; mode=block", Cache-Control:"no-cache, no-store, max-age=0, must-revalidate", Pragma:"no-cache", Expires:"0", X-Frame-Options:"DENY"]
     Content type = application/json
             Body = {"accessToken":"h22hhs"}
    Forwarded URL = null
   Redirected URL = null
          Cookies = []
]]></system-out>
  <system-err><![CDATA[]]></system-err>
</testsuite>
