<?xml version="1.0" encoding="UTF-8"?>
<testsuite name="com.listenup.individualassignment.business.imp.UserServiceImpTest" tests="25" skipped="0" failures="0" errors="0" timestamp="2022-06-17T01:40:53" hostname="REDICR" time="2.529">
  <properties/>
  <testcase name="removePlaylistsInvalid()" classname="com.listenup.individualassignment.business.imp.UserServiceImpTest" time="0.151"/>
  <testcase name="getCustomerPlaylists()" classname="com.listenup.individualassignment.business.imp.UserServiceImpTest" time="0.014"/>
  <testcase name="loginValid()" classname="com.listenup.individualassignment.business.imp.UserServiceImpTest" time="0.042"/>
  <testcase name="removeLikedPlaylists()" classname="com.listenup.individualassignment.business.imp.UserServiceImpTest" time="0.02"/>
  <testcase name="addPlaylistsInvalid()" classname="com.listenup.individualassignment.business.imp.UserServiceImpTest" time="0.005"/>
  <testcase name="removeSongFromCollection()" classname="com.listenup.individualassignment.business.imp.UserServiceImpTest" time="0.026"/>
  <testcase name="updateAccountSameEmailAsCurrentUser()" classname="com.listenup.individualassignment.business.imp.UserServiceImpTest" time="0.004"/>
  <testcase name="getCustomerCollection()" classname="com.listenup.individualassignment.business.imp.UserServiceImpTest" time="0.14"/>
  <testcase name="removeSongFromCollectionInvalid()" classname="com.listenup.individualassignment.business.imp.UserServiceImpTest" time="0.012"/>
  <testcase name="deleteAccountValid()" classname="com.listenup.individualassignment.business.imp.UserServiceImpTest" time="0.005"/>
  <testcase name="getUser()" classname="com.listenup.individualassignment.business.imp.UserServiceImpTest" time="0.004"/>
  <testcase name="updateAccountValid()" classname="com.listenup.individualassignment.business.imp.UserServiceImpTest" time="0.006"/>
  <testcase name="addLikedPlaylists()" classname="com.listenup.individualassignment.business.imp.UserServiceImpTest" time="0.008"/>
  <testcase name="addSongToCollectionInvalid()" classname="com.listenup.individualassignment.business.imp.UserServiceImpTest" time="0.011"/>
  <testcase name="updateAccountInvalidID()" classname="com.listenup.individualassignment.business.imp.UserServiceImpTest" time="0.005"/>
  <testcase name="createAccount()" classname="com.listenup.individualassignment.business.imp.UserServiceImpTest" time="1.802"/>
  <testcase name="createAccountInvalidEmail()" classname="com.listenup.individualassignment.business.imp.UserServiceImpTest" time="0.033"/>
  <testcase name="loginInvalidEmail()" classname="com.listenup.individualassignment.business.imp.UserServiceImpTest" time="0.004"/>
  <testcase name="updateAccountInvalidEmail()" classname="com.listenup.individualassignment.business.imp.UserServiceImpTest" time="0.013"/>
  <testcase name="getCustomerLikedPlaylists()" classname="com.listenup.individualassignment.business.imp.UserServiceImpTest" time="0.021"/>
  <testcase name="updateAccountUnauthorised()" classname="com.listenup.individualassignment.business.imp.UserServiceImpTest" time="0.037"/>
  <testcase name="loginInvalidCredential()" classname="com.listenup.individualassignment.business.imp.UserServiceImpTest" time="0.02"/>
  <testcase name="deleteAccountInvalid()" classname="com.listenup.individualassignment.business.imp.UserServiceImpTest" time="0.007"/>
  <testcase name="getUsers()" classname="com.listenup.individualassignment.business.imp.UserServiceImpTest" time="0.044"/>
  <testcase name="addSongToCollection()" classname="com.listenup.individualassignment.business.imp.UserServiceImpTest" time="0.006"/>
  <system-out><![CDATA[]]></system-out>
  <system-err><![CDATA[]]></system-err>
</testsuite>
