<?xml version="1.0" encoding="UTF-8"?>
<testsuite name="com.listenup.individualassignment.repository.UserRepositoryTest" tests="6" skipped="0" failures="0" errors="0" timestamp="2022-06-17T01:42:55" hostname="REDICR" time="0.375">
  <properties/>
  <testcase name="getAllLikedSong()" classname="com.listenup.individualassignment.repository.UserRepositoryTest" time="0.078"/>
  <testcase name="existsByEmail()" classname="com.listenup.individualassignment.repository.UserRepositoryTest" time="0.145"/>
  <testcase name="getAllUsers()" classname="com.listenup.individualassignment.repository.UserRepositoryTest" time="0.023"/>
  <testcase name="save()" classname="com.listenup.individualassignment.repository.UserRepositoryTest" time="0.029"/>
  <testcase name="getAllPlaylists()" classname="com.listenup.individualassignment.repository.UserRepositoryTest" time="0.044"/>
  <testcase name="getAllLikedPlaylists()" classname="com.listenup.individualassignment.repository.UserRepositoryTest" time="0.047"/>
  <system-out><![CDATA[2022-06-17 03:42:55.924  INFO 11420 --- [    Test worker] b.t.a.o.j.DataJpaTestContextBootstrapper : Neither @ContextConfiguration nor @ContextHierarchy found for test class [com.listenup.individualassignment.repository.UserRepositoryTest], using SpringBootContextLoader
2022-06-17 03:42:55.926  INFO 11420 --- [    Test worker] o.s.t.c.support.AbstractContextLoader    : Could not detect default resource locations for test class [com.listenup.individualassignment.repository.UserRepositoryTest]: no resource found for suffixes {-context.xml, Context.groovy}.
2022-06-17 03:42:55.926  INFO 11420 --- [    Test worker] t.c.s.AnnotationConfigContextLoaderUtils : Could not detect default configuration classes for test class [com.listenup.individualassignment.repository.UserRepositoryTest]: UserRepositoryTest does not declare any static, non-private, non-final, nested classes annotated with @Configuration.
2022-06-17 03:42:55.929  INFO 11420 --- [    Test worker] .b.t.c.SpringBootTestContextBootstrapper : Found @SpringBootConfiguration com.listenup.individualassignment.ListenUpApplication for test class com.listenup.individualassignment.repository.UserRepositoryTest
2022-06-17 03:42:55.932  INFO 11420 --- [    Test worker] b.t.a.o.j.DataJpaTestContextBootstrapper : Loaded default TestExecutionListener class names from location [META-INF/spring.factories]: [org.springframework.security.test.context.support.WithSecurityContextTestExecutionListener, org.springframework.security.test.context.support.ReactorContextTestExecutionListener, org.springframework.boot.test.autoconfigure.restdocs.RestDocsTestExecutionListener, org.springframework.boot.test.autoconfigure.web.client.MockRestServiceServerResetTestExecutionListener, org.springframework.boot.test.autoconfigure.web.servlet.MockMvcPrintOnlyOnFailureTestExecutionListener, org.springframework.boot.test.autoconfigure.web.servlet.WebDriverTestExecutionListener, org.springframework.boot.test.autoconfigure.webservices.client.MockWebServiceServerTestExecutionListener, org.springframework.boot.test.mock.mockito.MockitoTestExecutionListener, org.springframework.boot.test.mock.mockito.ResetMocksTestExecutionListener, org.springframework.test.context.web.ServletTestExecutionListener, org.springframework.test.context.support.DirtiesContextBeforeModesTestExecutionListener, org.springframework.test.context.event.ApplicationEventsTestExecutionListener, org.springframework.test.context.support.DependencyInjectionTestExecutionListener, org.springframework.test.context.support.DirtiesContextTestExecutionListener, org.springframework.test.context.transaction.TransactionalTestExecutionListener, org.springframework.test.context.jdbc.SqlScriptsTestExecutionListener, org.springframework.test.context.event.EventPublishingTestExecutionListener]
2022-06-17 03:42:55.932  INFO 11420 --- [    Test worker] b.t.a.o.j.DataJpaTestContextBootstrapper : Using TestExecutionListeners: [org.springframework.test.context.web.ServletTestExecutionListener@39c03439, org.springframework.test.context.support.DirtiesContextBeforeModesTestExecutionListener@6640ae0e, org.springframework.test.context.event.ApplicationEventsTestExecutionListener@4262e2a9, org.springframework.boot.test.mock.mockito.MockitoTestExecutionListener@5a2f8c95, org.springframework.boot.test.autoconfigure.SpringBootDependencyInjectionTestExecutionListener@62f60a15, org.springframework.test.context.support.DirtiesContextTestExecutionListener@1a5e89b, org.springframework.test.context.transaction.TransactionalTestExecutionListener@548735ac, org.springframework.test.context.jdbc.SqlScriptsTestExecutionListener@726a508d, org.springframework.security.test.context.support.WithSecurityContextTestExecutionListener@201e4a77, org.springframework.test.context.event.EventPublishingTestExecutionListener@ed19fdf, org.springframework.security.test.context.support.ReactorContextTestExecutionListener@6396e1fc, org.springframework.boot.test.autoconfigure.restdocs.RestDocsTestExecutionListener@43d83b3b, org.springframework.boot.test.autoconfigure.web.client.MockRestServiceServerResetTestExecutionListener@11479cc5, org.springframework.boot.test.autoconfigure.web.servlet.MockMvcPrintOnlyOnFailureTestExecutionListener@13ead655, org.springframework.boot.test.autoconfigure.web.servlet.WebDriverTestExecutionListener@47a75cd5, org.springframework.boot.test.autoconfigure.webservices.client.MockWebServiceServerTestExecutionListener@45a4b6f9, org.springframework.boot.test.mock.mockito.ResetMocksTestExecutionListener@6828ab3c]
2022-06-17 03:42:55.954  INFO 11420 --- [    Test worker] o.s.t.c.transaction.TransactionContext   : Began transaction (1) for test context [DefaultTestContext@1da67b7b testClass = UserRepositoryTest, testInstance = com.listenup.individualassignment.repository.UserRepositoryTest@1c12cdcd, testMethod = getAllLikedSong@UserRepositoryTest, testException = [null], mergedContextConfiguration = [MergedContextConfiguration@5065bc2 testClass = UserRepositoryTest, locations = '{}', classes = '{class com.listenup.individualassignment.ListenUpApplication}', contextInitializerClasses = '[]', activeProfiles = '{}', propertySourceLocations = '{}', propertySourceProperties = '{org.springframework.boot.test.autoconfigure.orm.jpa.DataJpaTestContextBootstrapper=true}', contextCustomizers = set[org.springframework.boot.test.autoconfigure.OverrideAutoConfigurationContextCustomizerFactory$DisableAutoConfigurationContextCustomizer@513e7fdc, org.springframework.boot.test.autoconfigure.actuate.metrics.MetricsExportContextCustomizerFactory$DisableMetricExportContextCustomizer@73e93c3a, org.springframework.boot.test.autoconfigure.filter.TypeExcludeFiltersContextCustomizer@351584c0, org.springframework.boot.test.autoconfigure.properties.PropertyMappingContextCustomizer@15c080c3, org.springframework.boot.test.autoconfigure.web.servlet.WebDriverContextCustomizerFactory$Customizer@323eecf8, [ImportsContextCustomizer@6726d6be key = [org.springframework.boot.autoconfigure.cache.CacheAutoConfiguration, org.springframework.boot.autoconfigure.data.jpa.JpaRepositoriesAutoConfiguration, org.springframework.boot.autoconfigure.flyway.FlywayAutoConfiguration, org.springframework.boot.autoconfigure.jdbc.DataSourceAutoConfiguration, org.springframework.boot.autoconfigure.jdbc.DataSourceTransactionManagerAutoConfiguration, org.springframework.boot.autoconfigure.jdbc.JdbcTemplateAutoConfiguration, org.springframework.boot.autoconfigure.liquibase.LiquibaseAutoConfiguration, org.springframework.boot.autoconfigure.orm.jpa.HibernateJpaAutoConfiguration, org.springframework.boot.autoconfigure.sql.init.SqlInitializationAutoConfiguration, org.springframework.boot.autoconfigure.transaction.TransactionAutoConfiguration, org.springframework.boot.test.autoconfigure.jdbc.TestDatabaseAutoConfiguration, org.springframework.boot.test.autoconfigure.orm.jpa.TestEntityManagerAutoConfiguration]], org.springframework.boot.test.context.filter.ExcludeFilterContextCustomizer@21ab919c, org.springframework.boot.test.json.DuplicateJsonObjectContextCustomizerFactory$DuplicateJsonObjectContextCustomizer@414d2821, org.springframework.boot.test.mock.mockito.MockitoContextCustomizer@0, org.springframework.boot.test.context.SpringBootTestArgs@1, org.springframework.boot.test.context.SpringBootTestWebEnvironment@0], contextLoader = 'org.springframework.boot.test.context.SpringBootContextLoader', parent = [null]], attributes = map['org.springframework.test.context.event.ApplicationEventsTestExecutionListener.recordApplicationEvents' -> false]]; transaction manager [org.springframework.orm.jpa.JpaTransactionManager@353ea2f9]; rollback [true]
Hibernate: insert into artist (id, name) values (null, ?)
Hibernate: insert into genre (id, name) values (null, ?)
Hibernate: insert into song (id, artist_id, genre_id, name, released_date, uploaded_date) values (null, ?, ?, ?, ?, ?)
Hibernate: insert into single_song (id) values (?)
Hibernate: insert into user (id, email, password, username) values (null, ?, ?, ?)
Hibernate: insert into customer (id) values (?)
Hibernate: insert into liked_song (customer_id, song_id) values (?, ?)
Hibernate: select customer0_.id as id1_13_0_, customer0_1_.email as email2_13_0_, customer0_1_.password as password3_13_0_, customer0_1_.username as username4_13_0_, userroles1_.user_id as user_id3_14_1_, userroles1_.id as id1_14_1_, userroles1_.id as id1_14_2_, userroles1_.role_name as role_nam2_14_2_, userroles1_.user_id as user_id3_14_2_ from customer customer0_ inner join user customer0_1_ on customer0_.id=customer0_1_.id left outer join user_role userroles1_ on customer0_.id=userroles1_.user_id where customer0_.id=?
Hibernate: select likedsongs0_.customer_id as customer1_8_0_, likedsongs0_.song_id as song_id2_8_0_, song1_.id as id1_12_1_, song1_.artist_id as artist_i5_12_1_, song1_.genre_id as genre_id6_12_1_, song1_.name as name2_12_1_, song1_.released_date as released3_12_1_, song1_.uploaded_date as uploaded4_12_1_, song1_1_.album_id as album_id2_2_1_, case when song1_1_.id is not null then 1 when song1_2_.id is not null then 2 when song1_.id is not null then 0 end as clazz_1_, artist2_.id as id1_3_2_, artist2_.name as name2_3_2_, genre3_.id as id1_6_3_, genre3_.name as name2_6_3_, album4_.id as id1_1_4_, album4_.artist_id as artist_i5_1_4_, album4_.name as name2_1_4_, album4_.released_date as released3_1_4_, album4_.uploaded_date as uploaded4_1_4_, artist5_.id as id1_3_5_, artist5_.name as name2_3_5_ from liked_song likedsongs0_ inner join song song1_ on likedsongs0_.song_id=song1_.id left outer join album_song song1_1_ on song1_.id=song1_1_.id left outer join single_song song1_2_ on song1_.id=song1_2_.id left outer join artist artist2_ on song1_.artist_id=artist2_.id left outer join genre genre3_ on song1_.genre_id=genre3_.id left outer join album album4_ on song1_1_.album_id=album4_.id left outer join artist artist5_ on album4_.artist_id=artist5_.id where likedsongs0_.customer_id=?
2022-06-17 03:42:56.025  INFO 11420 --- [    Test worker] o.s.t.c.transaction.TransactionContext   : Rolled back transaction for test: [DefaultTestContext@1da67b7b testClass = UserRepositoryTest, testInstance = com.listenup.individualassignment.repository.UserRepositoryTest@1c12cdcd, testMethod = getAllLikedSong@UserRepositoryTest, testException = [null], mergedContextConfiguration = [MergedContextConfiguration@5065bc2 testClass = UserRepositoryTest, locations = '{}', classes = '{class com.listenup.individualassignment.ListenUpApplication}', contextInitializerClasses = '[]', activeProfiles = '{}', propertySourceLocations = '{}', propertySourceProperties = '{org.springframework.boot.test.autoconfigure.orm.jpa.DataJpaTestContextBootstrapper=true}', contextCustomizers = set[org.springframework.boot.test.autoconfigure.OverrideAutoConfigurationContextCustomizerFactory$DisableAutoConfigurationContextCustomizer@513e7fdc, org.springframework.boot.test.autoconfigure.actuate.metrics.MetricsExportContextCustomizerFactory$DisableMetricExportContextCustomizer@73e93c3a, org.springframework.boot.test.autoconfigure.filter.TypeExcludeFiltersContextCustomizer@351584c0, org.springframework.boot.test.autoconfigure.properties.PropertyMappingContextCustomizer@15c080c3, org.springframework.boot.test.autoconfigure.web.servlet.WebDriverContextCustomizerFactory$Customizer@323eecf8, [ImportsContextCustomizer@6726d6be key = [org.springframework.boot.autoconfigure.cache.CacheAutoConfiguration, org.springframework.boot.autoconfigure.data.jpa.JpaRepositoriesAutoConfiguration, org.springframework.boot.autoconfigure.flyway.FlywayAutoConfiguration, org.springframework.boot.autoconfigure.jdbc.DataSourceAutoConfiguration, org.springframework.boot.autoconfigure.jdbc.DataSourceTransactionManagerAutoConfiguration, org.springframework.boot.autoconfigure.jdbc.JdbcTemplateAutoConfiguration, org.springframework.boot.autoconfigure.liquibase.LiquibaseAutoConfiguration, org.springframework.boot.autoconfigure.orm.jpa.HibernateJpaAutoConfiguration, org.springframework.boot.autoconfigure.sql.init.SqlInitializationAutoConfiguration, org.springframework.boot.autoconfigure.transaction.TransactionAutoConfiguration, org.springframework.boot.test.autoconfigure.jdbc.TestDatabaseAutoConfiguration, org.springframework.boot.test.autoconfigure.orm.jpa.TestEntityManagerAutoConfiguration]], org.springframework.boot.test.context.filter.ExcludeFilterContextCustomizer@21ab919c, org.springframework.boot.test.json.DuplicateJsonObjectContextCustomizerFactory$DuplicateJsonObjectContextCustomizer@414d2821, org.springframework.boot.test.mock.mockito.MockitoContextCustomizer@0, org.springframework.boot.test.context.SpringBootTestArgs@1, org.springframework.boot.test.context.SpringBootTestWebEnvironment@0], contextLoader = 'org.springframework.boot.test.context.SpringBootContextLoader', parent = [null]], attributes = map['org.springframework.test.context.event.ApplicationEventsTestExecutionListener.recordApplicationEvents' -> false]]
2022-06-17 03:42:56.029  INFO 11420 --- [    Test worker] o.s.t.c.transaction.TransactionContext   : Began transaction (1) for test context [DefaultTestContext@1da67b7b testClass = UserRepositoryTest, testInstance = com.listenup.individualassignment.repository.UserRepositoryTest@4cf8ebf6, testMethod = existsByEmail@UserRepositoryTest, testException = [null], mergedContextConfiguration = [MergedContextConfiguration@5065bc2 testClass = UserRepositoryTest, locations = '{}', classes = '{class com.listenup.individualassignment.ListenUpApplication}', contextInitializerClasses = '[]', activeProfiles = '{}', propertySourceLocations = '{}', propertySourceProperties = '{org.springframework.boot.test.autoconfigure.orm.jpa.DataJpaTestContextBootstrapper=true}', contextCustomizers = set[org.springframework.boot.test.autoconfigure.OverrideAutoConfigurationContextCustomizerFactory$DisableAutoConfigurationContextCustomizer@513e7fdc, org.springframework.boot.test.autoconfigure.actuate.metrics.MetricsExportContextCustomizerFactory$DisableMetricExportContextCustomizer@73e93c3a, org.springframework.boot.test.autoconfigure.filter.TypeExcludeFiltersContextCustomizer@351584c0, org.springframework.boot.test.autoconfigure.properties.PropertyMappingContextCustomizer@15c080c3, org.springframework.boot.test.autoconfigure.web.servlet.WebDriverContextCustomizerFactory$Customizer@323eecf8, [ImportsContextCustomizer@6726d6be key = [org.springframework.boot.autoconfigure.cache.CacheAutoConfiguration, org.springframework.boot.autoconfigure.data.jpa.JpaRepositoriesAutoConfiguration, org.springframework.boot.autoconfigure.flyway.FlywayAutoConfiguration, org.springframework.boot.autoconfigure.jdbc.DataSourceAutoConfiguration, org.springframework.boot.autoconfigure.jdbc.DataSourceTransactionManagerAutoConfiguration, org.springframework.boot.autoconfigure.jdbc.JdbcTemplateAutoConfiguration, org.springframework.boot.autoconfigure.liquibase.LiquibaseAutoConfiguration, org.springframework.boot.autoconfigure.orm.jpa.HibernateJpaAutoConfiguration, org.springframework.boot.autoconfigure.sql.init.SqlInitializationAutoConfiguration, org.springframework.boot.autoconfigure.transaction.TransactionAutoConfiguration, org.springframework.boot.test.autoconfigure.jdbc.TestDatabaseAutoConfiguration, org.springframework.boot.test.autoconfigure.orm.jpa.TestEntityManagerAutoConfiguration]], org.springframework.boot.test.context.filter.ExcludeFilterContextCustomizer@21ab919c, org.springframework.boot.test.json.DuplicateJsonObjectContextCustomizerFactory$DuplicateJsonObjectContextCustomizer@414d2821, org.springframework.boot.test.mock.mockito.MockitoContextCustomizer@0, org.springframework.boot.test.context.SpringBootTestArgs@1, org.springframework.boot.test.context.SpringBootTestWebEnvironment@0], contextLoader = 'org.springframework.boot.test.context.SpringBootContextLoader', parent = [null]], attributes = map['org.springframework.test.context.event.ApplicationEventsTestExecutionListener.recordApplicationEvents' -> false]]; transaction manager [org.springframework.orm.jpa.JpaTransactionManager@353ea2f9]; rollback [true]
Hibernate: insert into user (id, email, password, username) values (null, ?, ?, ?)
Hibernate: insert into customer (id) values (?)
Hibernate: select user0_.id as col_0_0_ from user user0_ where user0_.email=? limit ?
2022-06-17 03:42:56.171  INFO 11420 --- [    Test worker] o.s.t.c.transaction.TransactionContext   : Rolled back transaction for test: [DefaultTestContext@1da67b7b testClass = UserRepositoryTest, testInstance = com.listenup.individualassignment.repository.UserRepositoryTest@4cf8ebf6, testMethod = existsByEmail@UserRepositoryTest, testException = [null], mergedContextConfiguration = [MergedContextConfiguration@5065bc2 testClass = UserRepositoryTest, locations = '{}', classes = '{class com.listenup.individualassignment.ListenUpApplication}', contextInitializerClasses = '[]', activeProfiles = '{}', propertySourceLocations = '{}', propertySourceProperties = '{org.springframework.boot.test.autoconfigure.orm.jpa.DataJpaTestContextBootstrapper=true}', contextCustomizers = set[org.springframework.boot.test.autoconfigure.OverrideAutoConfigurationContextCustomizerFactory$DisableAutoConfigurationContextCustomizer@513e7fdc, org.springframework.boot.test.autoconfigure.actuate.metrics.MetricsExportContextCustomizerFactory$DisableMetricExportContextCustomizer@73e93c3a, org.springframework.boot.test.autoconfigure.filter.TypeExcludeFiltersContextCustomizer@351584c0, org.springframework.boot.test.autoconfigure.properties.PropertyMappingContextCustomizer@15c080c3, org.springframework.boot.test.autoconfigure.web.servlet.WebDriverContextCustomizerFactory$Customizer@323eecf8, [ImportsContextCustomizer@6726d6be key = [org.springframework.boot.autoconfigure.cache.CacheAutoConfiguration, org.springframework.boot.autoconfigure.data.jpa.JpaRepositoriesAutoConfiguration, org.springframework.boot.autoconfigure.flyway.FlywayAutoConfiguration, org.springframework.boot.autoconfigure.jdbc.DataSourceAutoConfiguration, org.springframework.boot.autoconfigure.jdbc.DataSourceTransactionManagerAutoConfiguration, org.springframework.boot.autoconfigure.jdbc.JdbcTemplateAutoConfiguration, org.springframework.boot.autoconfigure.liquibase.LiquibaseAutoConfiguration, org.springframework.boot.autoconfigure.orm.jpa.HibernateJpaAutoConfiguration, org.springframework.boot.autoconfigure.sql.init.SqlInitializationAutoConfiguration, org.springframework.boot.autoconfigure.transaction.TransactionAutoConfiguration, org.springframework.boot.test.autoconfigure.jdbc.TestDatabaseAutoConfiguration, org.springframework.boot.test.autoconfigure.orm.jpa.TestEntityManagerAutoConfiguration]], org.springframework.boot.test.context.filter.ExcludeFilterContextCustomizer@21ab919c, org.springframework.boot.test.json.DuplicateJsonObjectContextCustomizerFactory$DuplicateJsonObjectContextCustomizer@414d2821, org.springframework.boot.test.mock.mockito.MockitoContextCustomizer@0, org.springframework.boot.test.context.SpringBootTestArgs@1, org.springframework.boot.test.context.SpringBootTestWebEnvironment@0], contextLoader = 'org.springframework.boot.test.context.SpringBootContextLoader', parent = [null]], attributes = map['org.springframework.test.context.event.ApplicationEventsTestExecutionListener.recordApplicationEvents' -> false]]
2022-06-17 03:42:56.174  INFO 11420 --- [    Test worker] o.s.t.c.transaction.TransactionContext   : Began transaction (1) for test context [DefaultTestContext@1da67b7b testClass = UserRepositoryTest, testInstance = com.listenup.individualassignment.repository.UserRepositoryTest@66603581, testMethod = getAllUsers@UserRepositoryTest, testException = [null], mergedContextConfiguration = [MergedContextConfiguration@5065bc2 testClass = UserRepositoryTest, locations = '{}', classes = '{class com.listenup.individualassignment.ListenUpApplication}', contextInitializerClasses = '[]', activeProfiles = '{}', propertySourceLocations = '{}', propertySourceProperties = '{org.springframework.boot.test.autoconfigure.orm.jpa.DataJpaTestContextBootstrapper=true}', contextCustomizers = set[org.springframework.boot.test.autoconfigure.OverrideAutoConfigurationContextCustomizerFactory$DisableAutoConfigurationContextCustomizer@513e7fdc, org.springframework.boot.test.autoconfigure.actuate.metrics.MetricsExportContextCustomizerFactory$DisableMetricExportContextCustomizer@73e93c3a, org.springframework.boot.test.autoconfigure.filter.TypeExcludeFiltersContextCustomizer@351584c0, org.springframework.boot.test.autoconfigure.properties.PropertyMappingContextCustomizer@15c080c3, org.springframework.boot.test.autoconfigure.web.servlet.WebDriverContextCustomizerFactory$Customizer@323eecf8, [ImportsContextCustomizer@6726d6be key = [org.springframework.boot.autoconfigure.cache.CacheAutoConfiguration, org.springframework.boot.autoconfigure.data.jpa.JpaRepositoriesAutoConfiguration, org.springframework.boot.autoconfigure.flyway.FlywayAutoConfiguration, org.springframework.boot.autoconfigure.jdbc.DataSourceAutoConfiguration, org.springframework.boot.autoconfigure.jdbc.DataSourceTransactionManagerAutoConfiguration, org.springframework.boot.autoconfigure.jdbc.JdbcTemplateAutoConfiguration, org.springframework.boot.autoconfigure.liquibase.LiquibaseAutoConfiguration, org.springframework.boot.autoconfigure.orm.jpa.HibernateJpaAutoConfiguration, org.springframework.boot.autoconfigure.sql.init.SqlInitializationAutoConfiguration, org.springframework.boot.autoconfigure.transaction.TransactionAutoConfiguration, org.springframework.boot.test.autoconfigure.jdbc.TestDatabaseAutoConfiguration, org.springframework.boot.test.autoconfigure.orm.jpa.TestEntityManagerAutoConfiguration]], org.springframework.boot.test.context.filter.ExcludeFilterContextCustomizer@21ab919c, org.springframework.boot.test.json.DuplicateJsonObjectContextCustomizerFactory$DuplicateJsonObjectContextCustomizer@414d2821, org.springframework.boot.test.mock.mockito.MockitoContextCustomizer@0, org.springframework.boot.test.context.SpringBootTestArgs@1, org.springframework.boot.test.context.SpringBootTestWebEnvironment@0], contextLoader = 'org.springframework.boot.test.context.SpringBootContextLoader', parent = [null]], attributes = map['org.springframework.test.context.event.ApplicationEventsTestExecutionListener.recordApplicationEvents' -> false]]; transaction manager [org.springframework.orm.jpa.JpaTransactionManager@353ea2f9]; rollback [true]
Hibernate: insert into user (id, email, password, username) values (null, ?, ?, ?)
Hibernate: insert into customer (id) values (?)
Hibernate: select user0_.id as id1_13_, user0_.email as email2_13_, user0_.password as password3_13_, user0_.username as username4_13_, case when user0_1_.id is not null then 1 when user0_2_.id is not null then 2 when user0_.id is not null then 0 end as clazz_ from user user0_ left outer join admin user0_1_ on user0_.id=user0_1_.id left outer join customer user0_2_ on user0_.id=user0_2_.id
2022-06-17 03:42:56.190  INFO 11420 --- [    Test worker] o.s.t.c.transaction.TransactionContext   : Rolled back transaction for test: [DefaultTestContext@1da67b7b testClass = UserRepositoryTest, testInstance = com.listenup.individualassignment.repository.UserRepositoryTest@66603581, testMethod = getAllUsers@UserRepositoryTest, testException = [null], mergedContextConfiguration = [MergedContextConfiguration@5065bc2 testClass = UserRepositoryTest, locations = '{}', classes = '{class com.listenup.individualassignment.ListenUpApplication}', contextInitializerClasses = '[]', activeProfiles = '{}', propertySourceLocations = '{}', propertySourceProperties = '{org.springframework.boot.test.autoconfigure.orm.jpa.DataJpaTestContextBootstrapper=true}', contextCustomizers = set[org.springframework.boot.test.autoconfigure.OverrideAutoConfigurationContextCustomizerFactory$DisableAutoConfigurationContextCustomizer@513e7fdc, org.springframework.boot.test.autoconfigure.actuate.metrics.MetricsExportContextCustomizerFactory$DisableMetricExportContextCustomizer@73e93c3a, org.springframework.boot.test.autoconfigure.filter.TypeExcludeFiltersContextCustomizer@351584c0, org.springframework.boot.test.autoconfigure.properties.PropertyMappingContextCustomizer@15c080c3, org.springframework.boot.test.autoconfigure.web.servlet.WebDriverContextCustomizerFactory$Customizer@323eecf8, [ImportsContextCustomizer@6726d6be key = [org.springframework.boot.autoconfigure.cache.CacheAutoConfiguration, org.springframework.boot.autoconfigure.data.jpa.JpaRepositoriesAutoConfiguration, org.springframework.boot.autoconfigure.flyway.FlywayAutoConfiguration, org.springframework.boot.autoconfigure.jdbc.DataSourceAutoConfiguration, org.springframework.boot.autoconfigure.jdbc.DataSourceTransactionManagerAutoConfiguration, org.springframework.boot.autoconfigure.jdbc.JdbcTemplateAutoConfiguration, org.springframework.boot.autoconfigure.liquibase.LiquibaseAutoConfiguration, org.springframework.boot.autoconfigure.orm.jpa.HibernateJpaAutoConfiguration, org.springframework.boot.autoconfigure.sql.init.SqlInitializationAutoConfiguration, org.springframework.boot.autoconfigure.transaction.TransactionAutoConfiguration, org.springframework.boot.test.autoconfigure.jdbc.TestDatabaseAutoConfiguration, org.springframework.boot.test.autoconfigure.orm.jpa.TestEntityManagerAutoConfiguration]], org.springframework.boot.test.context.filter.ExcludeFilterContextCustomizer@21ab919c, org.springframework.boot.test.json.DuplicateJsonObjectContextCustomizerFactory$DuplicateJsonObjectContextCustomizer@414d2821, org.springframework.boot.test.mock.mockito.MockitoContextCustomizer@0, org.springframework.boot.test.context.SpringBootTestArgs@1, org.springframework.boot.test.context.SpringBootTestWebEnvironment@0], contextLoader = 'org.springframework.boot.test.context.SpringBootContextLoader', parent = [null]], attributes = map['org.springframework.test.context.event.ApplicationEventsTestExecutionListener.recordApplicationEvents' -> false]]
2022-06-17 03:42:56.199  INFO 11420 --- [    Test worker] o.s.t.c.transaction.TransactionContext   : Began transaction (1) for test context [DefaultTestContext@1da67b7b testClass = UserRepositoryTest, testInstance = com.listenup.individualassignment.repository.UserRepositoryTest@141142db, testMethod = save@UserRepositoryTest, testException = [null], mergedContextConfiguration = [MergedContextConfiguration@5065bc2 testClass = UserRepositoryTest, locations = '{}', classes = '{class com.listenup.individualassignment.ListenUpApplication}', contextInitializerClasses = '[]', activeProfiles = '{}', propertySourceLocations = '{}', propertySourceProperties = '{org.springframework.boot.test.autoconfigure.orm.jpa.DataJpaTestContextBootstrapper=true}', contextCustomizers = set[org.springframework.boot.test.autoconfigure.OverrideAutoConfigurationContextCustomizerFactory$DisableAutoConfigurationContextCustomizer@513e7fdc, org.springframework.boot.test.autoconfigure.actuate.metrics.MetricsExportContextCustomizerFactory$DisableMetricExportContextCustomizer@73e93c3a, org.springframework.boot.test.autoconfigure.filter.TypeExcludeFiltersContextCustomizer@351584c0, org.springframework.boot.test.autoconfigure.properties.PropertyMappingContextCustomizer@15c080c3, org.springframework.boot.test.autoconfigure.web.servlet.WebDriverContextCustomizerFactory$Customizer@323eecf8, [ImportsContextCustomizer@6726d6be key = [org.springframework.boot.autoconfigure.cache.CacheAutoConfiguration, org.springframework.boot.autoconfigure.data.jpa.JpaRepositoriesAutoConfiguration, org.springframework.boot.autoconfigure.flyway.FlywayAutoConfiguration, org.springframework.boot.autoconfigure.jdbc.DataSourceAutoConfiguration, org.springframework.boot.autoconfigure.jdbc.DataSourceTransactionManagerAutoConfiguration, org.springframework.boot.autoconfigure.jdbc.JdbcTemplateAutoConfiguration, org.springframework.boot.autoconfigure.liquibase.LiquibaseAutoConfiguration, org.springframework.boot.autoconfigure.orm.jpa.HibernateJpaAutoConfiguration, org.springframework.boot.autoconfigure.sql.init.SqlInitializationAutoConfiguration, org.springframework.boot.autoconfigure.transaction.TransactionAutoConfiguration, org.springframework.boot.test.autoconfigure.jdbc.TestDatabaseAutoConfiguration, org.springframework.boot.test.autoconfigure.orm.jpa.TestEntityManagerAutoConfiguration]], org.springframework.boot.test.context.filter.ExcludeFilterContextCustomizer@21ab919c, org.springframework.boot.test.json.DuplicateJsonObjectContextCustomizerFactory$DuplicateJsonObjectContextCustomizer@414d2821, org.springframework.boot.test.mock.mockito.MockitoContextCustomizer@0, org.springframework.boot.test.context.SpringBootTestArgs@1, org.springframework.boot.test.context.SpringBootTestWebEnvironment@0], contextLoader = 'org.springframework.boot.test.context.SpringBootContextLoader', parent = [null]], attributes = map['org.springframework.test.context.event.ApplicationEventsTestExecutionListener.recordApplicationEvents' -> false]]; transaction manager [org.springframework.orm.jpa.JpaTransactionManager@353ea2f9]; rollback [true]
Hibernate: insert into user (id, email, password, username) values (null, ?, ?, ?)
Hibernate: insert into customer (id) values (?)
2022-06-17 03:42:56.221  INFO 11420 --- [    Test worker] o.s.t.c.transaction.TransactionContext   : Rolled back transaction for test: [DefaultTestContext@1da67b7b testClass = UserRepositoryTest, testInstance = com.listenup.individualassignment.repository.UserRepositoryTest@141142db, testMethod = save@UserRepositoryTest, testException = [null], mergedContextConfiguration = [MergedContextConfiguration@5065bc2 testClass = UserRepositoryTest, locations = '{}', classes = '{class com.listenup.individualassignment.ListenUpApplication}', contextInitializerClasses = '[]', activeProfiles = '{}', propertySourceLocations = '{}', propertySourceProperties = '{org.springframework.boot.test.autoconfigure.orm.jpa.DataJpaTestContextBootstrapper=true}', contextCustomizers = set[org.springframework.boot.test.autoconfigure.OverrideAutoConfigurationContextCustomizerFactory$DisableAutoConfigurationContextCustomizer@513e7fdc, org.springframework.boot.test.autoconfigure.actuate.metrics.MetricsExportContextCustomizerFactory$DisableMetricExportContextCustomizer@73e93c3a, org.springframework.boot.test.autoconfigure.filter.TypeExcludeFiltersContextCustomizer@351584c0, org.springframework.boot.test.autoconfigure.properties.PropertyMappingContextCustomizer@15c080c3, org.springframework.boot.test.autoconfigure.web.servlet.WebDriverContextCustomizerFactory$Customizer@323eecf8, [ImportsContextCustomizer@6726d6be key = [org.springframework.boot.autoconfigure.cache.CacheAutoConfiguration, org.springframework.boot.autoconfigure.data.jpa.JpaRepositoriesAutoConfiguration, org.springframework.boot.autoconfigure.flyway.FlywayAutoConfiguration, org.springframework.boot.autoconfigure.jdbc.DataSourceAutoConfiguration, org.springframework.boot.autoconfigure.jdbc.DataSourceTransactionManagerAutoConfiguration, org.springframework.boot.autoconfigure.jdbc.JdbcTemplateAutoConfiguration, org.springframework.boot.autoconfigure.liquibase.LiquibaseAutoConfiguration, org.springframework.boot.autoconfigure.orm.jpa.HibernateJpaAutoConfiguration, org.springframework.boot.autoconfigure.sql.init.SqlInitializationAutoConfiguration, org.springframework.boot.autoconfigure.transaction.TransactionAutoConfiguration, org.springframework.boot.test.autoconfigure.jdbc.TestDatabaseAutoConfiguration, org.springframework.boot.test.autoconfigure.orm.jpa.TestEntityManagerAutoConfiguration]], org.springframework.boot.test.context.filter.ExcludeFilterContextCustomizer@21ab919c, org.springframework.boot.test.json.DuplicateJsonObjectContextCustomizerFactory$DuplicateJsonObjectContextCustomizer@414d2821, org.springframework.boot.test.mock.mockito.MockitoContextCustomizer@0, org.springframework.boot.test.context.SpringBootTestArgs@1, org.springframework.boot.test.context.SpringBootTestWebEnvironment@0], contextLoader = 'org.springframework.boot.test.context.SpringBootContextLoader', parent = [null]], attributes = map['org.springframework.test.context.event.ApplicationEventsTestExecutionListener.recordApplicationEvents' -> false]]
2022-06-17 03:42:56.221  INFO 11420 --- [    Test worker] o.s.t.c.transaction.TransactionContext   : Began transaction (1) for test context [DefaultTestContext@1da67b7b testClass = UserRepositoryTest, testInstance = com.listenup.individualassignment.repository.UserRepositoryTest@7698e4f4, testMethod = getAllPlaylists@UserRepositoryTest, testException = [null], mergedContextConfiguration = [MergedContextConfiguration@5065bc2 testClass = UserRepositoryTest, locations = '{}', classes = '{class com.listenup.individualassignment.ListenUpApplication}', contextInitializerClasses = '[]', activeProfiles = '{}', propertySourceLocations = '{}', propertySourceProperties = '{org.springframework.boot.test.autoconfigure.orm.jpa.DataJpaTestContextBootstrapper=true}', contextCustomizers = set[org.springframework.boot.test.autoconfigure.OverrideAutoConfigurationContextCustomizerFactory$DisableAutoConfigurationContextCustomizer@513e7fdc, org.springframework.boot.test.autoconfigure.actuate.metrics.MetricsExportContextCustomizerFactory$DisableMetricExportContextCustomizer@73e93c3a, org.springframework.boot.test.autoconfigure.filter.TypeExcludeFiltersContextCustomizer@351584c0, org.springframework.boot.test.autoconfigure.properties.PropertyMappingContextCustomizer@15c080c3, org.springframework.boot.test.autoconfigure.web.servlet.WebDriverContextCustomizerFactory$Customizer@323eecf8, [ImportsContextCustomizer@6726d6be key = [org.springframework.boot.autoconfigure.cache.CacheAutoConfiguration, org.springframework.boot.autoconfigure.data.jpa.JpaRepositoriesAutoConfiguration, org.springframework.boot.autoconfigure.flyway.FlywayAutoConfiguration, org.springframework.boot.autoconfigure.jdbc.DataSourceAutoConfiguration, org.springframework.boot.autoconfigure.jdbc.DataSourceTransactionManagerAutoConfiguration, org.springframework.boot.autoconfigure.jdbc.JdbcTemplateAutoConfiguration, org.springframework.boot.autoconfigure.liquibase.LiquibaseAutoConfiguration, org.springframework.boot.autoconfigure.orm.jpa.HibernateJpaAutoConfiguration, org.springframework.boot.autoconfigure.sql.init.SqlInitializationAutoConfiguration, org.springframework.boot.autoconfigure.transaction.TransactionAutoConfiguration, org.springframework.boot.test.autoconfigure.jdbc.TestDatabaseAutoConfiguration, org.springframework.boot.test.autoconfigure.orm.jpa.TestEntityManagerAutoConfiguration]], org.springframework.boot.test.context.filter.ExcludeFilterContextCustomizer@21ab919c, org.springframework.boot.test.json.DuplicateJsonObjectContextCustomizerFactory$DuplicateJsonObjectContextCustomizer@414d2821, org.springframework.boot.test.mock.mockito.MockitoContextCustomizer@0, org.springframework.boot.test.context.SpringBootTestArgs@1, org.springframework.boot.test.context.SpringBootTestWebEnvironment@0], contextLoader = 'org.springframework.boot.test.context.SpringBootContextLoader', parent = [null]], attributes = map['org.springframework.test.context.event.ApplicationEventsTestExecutionListener.recordApplicationEvents' -> false]]; transaction manager [org.springframework.orm.jpa.JpaTransactionManager@353ea2f9]; rollback [true]
Hibernate: insert into user (id, email, password, username) values (null, ?, ?, ?)
Hibernate: insert into customer (id) values (?)
Hibernate: insert into playlist (id, customer_id, is_public, liked_users, name) values (null, ?, ?, ?, ?)
Hibernate: select customer0_.id as id1_13_0_, customer0_1_.email as email2_13_0_, customer0_1_.password as password3_13_0_, customer0_1_.username as username4_13_0_, userroles1_.user_id as user_id3_14_1_, userroles1_.id as id1_14_1_, userroles1_.id as id1_14_2_, userroles1_.role_name as role_nam2_14_2_, userroles1_.user_id as user_id3_14_2_ from customer customer0_ inner join user customer0_1_ on customer0_.id=customer0_1_.id left outer join user_role userroles1_ on customer0_.id=userroles1_.user_id where customer0_.id=?
Hibernate: select playlists0_.customer_id as customer5_9_0_, playlists0_.id as id1_9_0_, playlists0_.id as id1_9_1_, playlists0_.customer_id as customer5_9_1_, playlists0_.is_public as is_publi2_9_1_, playlists0_.liked_users as liked_us3_9_1_, playlists0_.name as name4_9_1_ from playlist playlists0_ where playlists0_.customer_id=?
2022-06-17 03:42:56.249  INFO 11420 --- [    Test worker] o.s.t.c.transaction.TransactionContext   : Rolled back transaction for test: [DefaultTestContext@1da67b7b testClass = UserRepositoryTest, testInstance = com.listenup.individualassignment.repository.UserRepositoryTest@7698e4f4, testMethod = getAllPlaylists@UserRepositoryTest, testException = [null], mergedContextConfiguration = [MergedContextConfiguration@5065bc2 testClass = UserRepositoryTest, locations = '{}', classes = '{class com.listenup.individualassignment.ListenUpApplication}', contextInitializerClasses = '[]', activeProfiles = '{}', propertySourceLocations = '{}', propertySourceProperties = '{org.springframework.boot.test.autoconfigure.orm.jpa.DataJpaTestContextBootstrapper=true}', contextCustomizers = set[org.springframework.boot.test.autoconfigure.OverrideAutoConfigurationContextCustomizerFactory$DisableAutoConfigurationContextCustomizer@513e7fdc, org.springframework.boot.test.autoconfigure.actuate.metrics.MetricsExportContextCustomizerFactory$DisableMetricExportContextCustomizer@73e93c3a, org.springframework.boot.test.autoconfigure.filter.TypeExcludeFiltersContextCustomizer@351584c0, org.springframework.boot.test.autoconfigure.properties.PropertyMappingContextCustomizer@15c080c3, org.springframework.boot.test.autoconfigure.web.servlet.WebDriverContextCustomizerFactory$Customizer@323eecf8, [ImportsContextCustomizer@6726d6be key = [org.springframework.boot.autoconfigure.cache.CacheAutoConfiguration, org.springframework.boot.autoconfigure.data.jpa.JpaRepositoriesAutoConfiguration, org.springframework.boot.autoconfigure.flyway.FlywayAutoConfiguration, org.springframework.boot.autoconfigure.jdbc.DataSourceAutoConfiguration, org.springframework.boot.autoconfigure.jdbc.DataSourceTransactionManagerAutoConfiguration, org.springframework.boot.autoconfigure.jdbc.JdbcTemplateAutoConfiguration, org.springframework.boot.autoconfigure.liquibase.LiquibaseAutoConfiguration, org.springframework.boot.autoconfigure.orm.jpa.HibernateJpaAutoConfiguration, org.springframework.boot.autoconfigure.sql.init.SqlInitializationAutoConfiguration, org.springframework.boot.autoconfigure.transaction.TransactionAutoConfiguration, org.springframework.boot.test.autoconfigure.jdbc.TestDatabaseAutoConfiguration, org.springframework.boot.test.autoconfigure.orm.jpa.TestEntityManagerAutoConfiguration]], org.springframework.boot.test.context.filter.ExcludeFilterContextCustomizer@21ab919c, org.springframework.boot.test.json.DuplicateJsonObjectContextCustomizerFactory$DuplicateJsonObjectContextCustomizer@414d2821, org.springframework.boot.test.mock.mockito.MockitoContextCustomizer@0, org.springframework.boot.test.context.SpringBootTestArgs@1, org.springframework.boot.test.context.SpringBootTestWebEnvironment@0], contextLoader = 'org.springframework.boot.test.context.SpringBootContextLoader', parent = [null]], attributes = map['org.springframework.test.context.event.ApplicationEventsTestExecutionListener.recordApplicationEvents' -> false]]
2022-06-17 03:42:56.266  INFO 11420 --- [    Test worker] o.s.t.c.transaction.TransactionContext   : Began transaction (1) for test context [DefaultTestContext@1da67b7b testClass = UserRepositoryTest, testInstance = com.listenup.individualassignment.repository.UserRepositoryTest@61bfdb59, testMethod = getAllLikedPlaylists@UserRepositoryTest, testException = [null], mergedContextConfiguration = [MergedContextConfiguration@5065bc2 testClass = UserRepositoryTest, locations = '{}', classes = '{class com.listenup.individualassignment.ListenUpApplication}', contextInitializerClasses = '[]', activeProfiles = '{}', propertySourceLocations = '{}', propertySourceProperties = '{org.springframework.boot.test.autoconfigure.orm.jpa.DataJpaTestContextBootstrapper=true}', contextCustomizers = set[org.springframework.boot.test.autoconfigure.OverrideAutoConfigurationContextCustomizerFactory$DisableAutoConfigurationContextCustomizer@513e7fdc, org.springframework.boot.test.autoconfigure.actuate.metrics.MetricsExportContextCustomizerFactory$DisableMetricExportContextCustomizer@73e93c3a, org.springframework.boot.test.autoconfigure.filter.TypeExcludeFiltersContextCustomizer@351584c0, org.springframework.boot.test.autoconfigure.properties.PropertyMappingContextCustomizer@15c080c3, org.springframework.boot.test.autoconfigure.web.servlet.WebDriverContextCustomizerFactory$Customizer@323eecf8, [ImportsContextCustomizer@6726d6be key = [org.springframework.boot.autoconfigure.cache.CacheAutoConfiguration, org.springframework.boot.autoconfigure.data.jpa.JpaRepositoriesAutoConfiguration, org.springframework.boot.autoconfigure.flyway.FlywayAutoConfiguration, org.springframework.boot.autoconfigure.jdbc.DataSourceAutoConfiguration, org.springframework.boot.autoconfigure.jdbc.DataSourceTransactionManagerAutoConfiguration, org.springframework.boot.autoconfigure.jdbc.JdbcTemplateAutoConfiguration, org.springframework.boot.autoconfigure.liquibase.LiquibaseAutoConfiguration, org.springframework.boot.autoconfigure.orm.jpa.HibernateJpaAutoConfiguration, org.springframework.boot.autoconfigure.sql.init.SqlInitializationAutoConfiguration, org.springframework.boot.autoconfigure.transaction.TransactionAutoConfiguration, org.springframework.boot.test.autoconfigure.jdbc.TestDatabaseAutoConfiguration, org.springframework.boot.test.autoconfigure.orm.jpa.TestEntityManagerAutoConfiguration]], org.springframework.boot.test.context.filter.ExcludeFilterContextCustomizer@21ab919c, org.springframework.boot.test.json.DuplicateJsonObjectContextCustomizerFactory$DuplicateJsonObjectContextCustomizer@414d2821, org.springframework.boot.test.mock.mockito.MockitoContextCustomizer@0, org.springframework.boot.test.context.SpringBootTestArgs@1, org.springframework.boot.test.context.SpringBootTestWebEnvironment@0], contextLoader = 'org.springframework.boot.test.context.SpringBootContextLoader', parent = [null]], attributes = map['org.springframework.test.context.event.ApplicationEventsTestExecutionListener.recordApplicationEvents' -> false]]; transaction manager [org.springframework.orm.jpa.JpaTransactionManager@353ea2f9]; rollback [true]
Hibernate: insert into user (id, email, password, username) values (null, ?, ?, ?)
Hibernate: insert into customer (id) values (?)
Hibernate: insert into playlist (id, customer_id, is_public, liked_users, name) values (null, ?, ?, ?, ?)
Hibernate: insert into user (id, email, password, username) values (null, ?, ?, ?)
Hibernate: insert into customer (id) values (?)
Hibernate: insert into liked_playlist (customer_id, playlist_id) values (?, ?)
Hibernate: select customer0_.id as id1_13_0_, customer0_1_.email as email2_13_0_, customer0_1_.password as password3_13_0_, customer0_1_.username as username4_13_0_, userroles1_.user_id as user_id3_14_1_, userroles1_.id as id1_14_1_, userroles1_.id as id1_14_2_, userroles1_.role_name as role_nam2_14_2_, userroles1_.user_id as user_id3_14_2_ from customer customer0_ inner join user customer0_1_ on customer0_.id=customer0_1_.id left outer join user_role userroles1_ on customer0_.id=userroles1_.user_id where customer0_.id=?
Hibernate: select likedplayl0_.customer_id as customer1_7_0_, likedplayl0_.playlist_id as playlist2_7_0_, playlist1_.id as id1_9_1_, playlist1_.customer_id as customer5_9_1_, playlist1_.is_public as is_publi2_9_1_, playlist1_.liked_users as liked_us3_9_1_, playlist1_.name as name4_9_1_, customer2_.id as id1_13_2_, customer2_1_.email as email2_13_2_, customer2_1_.password as password3_13_2_, customer2_1_.username as username4_13_2_ from liked_playlist likedplayl0_ inner join playlist playlist1_ on likedplayl0_.playlist_id=playlist1_.id left outer join customer customer2_ on playlist1_.customer_id=customer2_.id left outer join user customer2_1_ on customer2_.id=customer2_1_.id where likedplayl0_.customer_id=?
Hibernate: select userroles0_.user_id as user_id3_14_0_, userroles0_.id as id1_14_0_, userroles0_.id as id1_14_1_, userroles0_.role_name as role_nam2_14_1_, userroles0_.user_id as user_id3_14_1_ from user_role userroles0_ where userroles0_.user_id=?
2022-06-17 03:42:56.316  INFO 11420 --- [    Test worker] o.s.t.c.transaction.TransactionContext   : Rolled back transaction for test: [DefaultTestContext@1da67b7b testClass = UserRepositoryTest, testInstance = com.listenup.individualassignment.repository.UserRepositoryTest@61bfdb59, testMethod = getAllLikedPlaylists@UserRepositoryTest, testException = [null], mergedContextConfiguration = [MergedContextConfiguration@5065bc2 testClass = UserRepositoryTest, locations = '{}', classes = '{class com.listenup.individualassignment.ListenUpApplication}', contextInitializerClasses = '[]', activeProfiles = '{}', propertySourceLocations = '{}', propertySourceProperties = '{org.springframework.boot.test.autoconfigure.orm.jpa.DataJpaTestContextBootstrapper=true}', contextCustomizers = set[org.springframework.boot.test.autoconfigure.OverrideAutoConfigurationContextCustomizerFactory$DisableAutoConfigurationContextCustomizer@513e7fdc, org.springframework.boot.test.autoconfigure.actuate.metrics.MetricsExportContextCustomizerFactory$DisableMetricExportContextCustomizer@73e93c3a, org.springframework.boot.test.autoconfigure.filter.TypeExcludeFiltersContextCustomizer@351584c0, org.springframework.boot.test.autoconfigure.properties.PropertyMappingContextCustomizer@15c080c3, org.springframework.boot.test.autoconfigure.web.servlet.WebDriverContextCustomizerFactory$Customizer@323eecf8, [ImportsContextCustomizer@6726d6be key = [org.springframework.boot.autoconfigure.cache.CacheAutoConfiguration, org.springframework.boot.autoconfigure.data.jpa.JpaRepositoriesAutoConfiguration, org.springframework.boot.autoconfigure.flyway.FlywayAutoConfiguration, org.springframework.boot.autoconfigure.jdbc.DataSourceAutoConfiguration, org.springframework.boot.autoconfigure.jdbc.DataSourceTransactionManagerAutoConfiguration, org.springframework.boot.autoconfigure.jdbc.JdbcTemplateAutoConfiguration, org.springframework.boot.autoconfigure.liquibase.LiquibaseAutoConfiguration, org.springframework.boot.autoconfigure.orm.jpa.HibernateJpaAutoConfiguration, org.springframework.boot.autoconfigure.sql.init.SqlInitializationAutoConfiguration, org.springframework.boot.autoconfigure.transaction.TransactionAutoConfiguration, org.springframework.boot.test.autoconfigure.jdbc.TestDatabaseAutoConfiguration, org.springframework.boot.test.autoconfigure.orm.jpa.TestEntityManagerAutoConfiguration]], org.springframework.boot.test.context.filter.ExcludeFilterContextCustomizer@21ab919c, org.springframework.boot.test.json.DuplicateJsonObjectContextCustomizerFactory$DuplicateJsonObjectContextCustomizer@414d2821, org.springframework.boot.test.mock.mockito.MockitoContextCustomizer@0, org.springframework.boot.test.context.SpringBootTestArgs@1, org.springframework.boot.test.context.SpringBootTestWebEnvironment@0], contextLoader = 'org.springframework.boot.test.context.SpringBootContextLoader', parent = [null]], attributes = map['org.springframework.test.context.event.ApplicationEventsTestExecutionListener.recordApplicationEvents' -> false]]
]]></system-out>
  <system-err><![CDATA[]]></system-err>
</testsuite>
