<?xml version="1.0" encoding="UTF-8"?>
<testsuite name="com.listenup.individualassignment.business.imp.AccessTokenEncoderDecoderImplTest" tests="3" skipped="0" failures="0" errors="0" timestamp="2022-06-17T01:40:43" hostname="REDICR" time="2.001">
  <properties/>
  <testcase name="encode()" classname="com.listenup.individualassignment.business.imp.AccessTokenEncoderDecoderImplTest" time="1.983"/>
  <testcase name="encode_NoUserID()" classname="com.listenup.individualassignment.business.imp.AccessTokenEncoderDecoderImplTest" time="0.004"/>
  <testcase name="encode_NoRole()" classname="com.listenup.individualassignment.business.imp.AccessTokenEncoderDecoderImplTest" time="0.006"/>
  <system-out><![CDATA[]]></system-out>
  <system-err><![CDATA[]]></system-err>
</testsuite>
