<?xml version="1.0" encoding="UTF-8"?>
<testsuite name="com.listenup.individualassignment.business.imp.SongServiceImpTest" tests="1" skipped="0" failures="0" errors="0" timestamp="2022-06-17T12:55:43" hostname="REDICR" time="4.354">
  <properties/>
  <testcase name="getSongs()" classname="com.listenup.individualassignment.business.imp.SongServiceImpTest" time="4.354"/>
  <system-out><![CDATA[]]></system-out>
  <system-err><![CDATA[]]></system-err>
</testsuite>
