<?xml version="1.0" encoding="UTF-8"?>
<testsuite name="com.listenup.individualassignment.business.imp.dtoconverter.SongDTOConverterTest" tests="10" skipped="0" failures="0" errors="0" timestamp="2022-06-17T01:40:56" hostname="REDICR" time="0.014">
  <properties/>
  <testcase name="convertToAlbumSongModelForUpdate()" classname="com.listenup.individualassignment.business.imp.dtoconverter.SongDTOConverterTest" time="0.001"/>
  <testcase name="convertToSingleSongModelForCreate()" classname="com.listenup.individualassignment.business.imp.dtoconverter.SongDTOConverterTest" time="0.0"/>
  <testcase name="convertToSingleSongModelForUpdate()" classname="com.listenup.individualassignment.business.imp.dtoconverter.SongDTOConverterTest" time="0.001"/>
  <testcase name="convertToAlbumSongDTO()" classname="com.listenup.individualassignment.business.imp.dtoconverter.SongDTOConverterTest" time="0.0"/>
  <testcase name="convertToSingleSongDTOList()" classname="com.listenup.individualassignment.business.imp.dtoconverter.SongDTOConverterTest" time="0.002"/>
  <testcase name="convertToSingleSongDTO()" classname="com.listenup.individualassignment.business.imp.dtoconverter.SongDTOConverterTest" time="0.001"/>
  <testcase name="convertToAlbumSongDTOList()" classname="com.listenup.individualassignment.business.imp.dtoconverter.SongDTOConverterTest" time="0.0"/>
  <testcase name="convertToSingleSongModelList()" classname="com.listenup.individualassignment.business.imp.dtoconverter.SongDTOConverterTest" time="0.0"/>
  <testcase name="convertToAlbumSongModelList()" classname="com.listenup.individualassignment.business.imp.dtoconverter.SongDTOConverterTest" time="0.001"/>
  <testcase name="convertToAlbumSongModelForCreate()" classname="com.listenup.individualassignment.business.imp.dtoconverter.SongDTOConverterTest" time="0.001"/>
  <system-out><![CDATA[]]></system-out>
  <system-err><![CDATA[]]></system-err>
</testsuite>
