<?xml version="1.0" encoding="UTF-8"?>
<testsuite name="com.listenup.individualassignment.business.imp.PlaylistServiceImpTest" tests="12" skipped="0" failures="0" errors="0" timestamp="2022-06-17T01:40:52" hostname="REDICR" time="0.522">
  <properties/>
  <testcase name="editPlaylistValid()" classname="com.listenup.individualassignment.business.imp.PlaylistServiceImpTest" time="0.293"/>
  <testcase name="getPlaylistSong()" classname="com.listenup.individualassignment.business.imp.PlaylistServiceImpTest" time="0.011"/>
  <testcase name="getPlaylists()" classname="com.listenup.individualassignment.business.imp.PlaylistServiceImpTest" time="0.003"/>
  <testcase name="removeSongFromPlaylistInvalid()" classname="com.listenup.individualassignment.business.imp.PlaylistServiceImpTest" time="0.012"/>
  <testcase name="editPlaylistUnauthorised()" classname="com.listenup.individualassignment.business.imp.PlaylistServiceImpTest" time="0.005"/>
  <testcase name="removeSongFromPlaylistValid()" classname="com.listenup.individualassignment.business.imp.PlaylistServiceImpTest" time="0.048"/>
  <testcase name="deletePlaylistInvalid()" classname="com.listenup.individualassignment.business.imp.PlaylistServiceImpTest" time="0.005"/>
  <testcase name="deletePlaylistValid()" classname="com.listenup.individualassignment.business.imp.PlaylistServiceImpTest" time="0.008"/>
  <testcase name="editPlaylistInvalid()" classname="com.listenup.individualassignment.business.imp.PlaylistServiceImpTest" time="0.019"/>
  <testcase name="addSongToPlaylistInvalid()" classname="com.listenup.individualassignment.business.imp.PlaylistServiceImpTest" time="0.012"/>
  <testcase name="addPlaylist()" classname="com.listenup.individualassignment.business.imp.PlaylistServiceImpTest" time="0.074"/>
  <testcase name="addSongToPlaylistValid()" classname="com.listenup.individualassignment.business.imp.PlaylistServiceImpTest" time="0.013"/>
  <system-out><![CDATA[]]></system-out>
  <system-err><![CDATA[]]></system-err>
</testsuite>
