<?xml version="1.0" encoding="UTF-8"?>
<testsuite name="com.listenup.individualassignment.business.imp.ArtistServiceImpTest" tests="8" skipped="0" failures="0" errors="0" timestamp="2022-06-17T01:40:51" hostname="REDICR" time="0.311">
  <properties/>
  <testcase name="deleteArtistValid()" classname="com.listenup.individualassignment.business.imp.ArtistServiceImpTest" time="0.217"/>
  <testcase name="editArtistInvalidInput()" classname="com.listenup.individualassignment.business.imp.ArtistServiceImpTest" time="0.005"/>
  <testcase name="addArtist()" classname="com.listenup.individualassignment.business.imp.ArtistServiceImpTest" time="0.028"/>
  <testcase name="deleteArtistInvalid()" classname="com.listenup.individualassignment.business.imp.ArtistServiceImpTest" time="0.011"/>
  <testcase name="editArtistValid()" classname="com.listenup.individualassignment.business.imp.ArtistServiceImpTest" time="0.004"/>
  <testcase name="getArtists()" classname="com.listenup.individualassignment.business.imp.ArtistServiceImpTest" time="0.002"/>
  <testcase name="getArtistAlbums()" classname="com.listenup.individualassignment.business.imp.ArtistServiceImpTest" time="0.02"/>
  <testcase name="getArtistSongs()" classname="com.listenup.individualassignment.business.imp.ArtistServiceImpTest" time="0.01"/>
  <system-out><![CDATA[]]></system-out>
  <system-err><![CDATA[]]></system-err>
</testsuite>
