<?xml version="1.0" encoding="UTF-8"?>
<testsuite name="com.listenup.individualassignment.business.imp.SongServiceImpTest" tests="9" skipped="0" failures="0" errors="0" timestamp="2022-06-17T01:40:52" hostname="REDICR" time="0.976">
  <properties/>
  <testcase name="editSongInvalid()" classname="com.listenup.individualassignment.business.imp.SongServiceImpTest" time="0.709"/>
  <testcase name="getSong()" classname="com.listenup.individualassignment.business.imp.SongServiceImpTest" time="0.005"/>
  <testcase name="addAlbumSong()" classname="com.listenup.individualassignment.business.imp.SongServiceImpTest" time="0.031"/>
  <testcase name="deleteSongInvalid()" classname="com.listenup.individualassignment.business.imp.SongServiceImpTest" time="0.004"/>
  <testcase name="addSingleSong()" classname="com.listenup.individualassignment.business.imp.SongServiceImpTest" time="0.157"/>
  <testcase name="deleteSongValid()" classname="com.listenup.individualassignment.business.imp.SongServiceImpTest" time="0.024"/>
  <testcase name="editSongValid()" classname="com.listenup.individualassignment.business.imp.SongServiceImpTest" time="0.013"/>
  <testcase name="getSongs()" classname="com.listenup.individualassignment.business.imp.SongServiceImpTest" time="0.009"/>
  <testcase name="isLiked()" classname="com.listenup.individualassignment.business.imp.SongServiceImpTest" time="0.002"/>
  <system-out><![CDATA[]]></system-out>
  <system-err><![CDATA[]]></system-err>
</testsuite>
