<?xml version="1.0" encoding="UTF-8"?>
<testsuite name="com.listenup.individualassignment.controller.PlaylistControllerTest" tests="9" skipped="0" failures="0" errors="0" timestamp="2022-06-17T01:42:40" hostname="REDICR" time="0.202">
  <properties/>
  <testcase name="getPlaylistPath()" classname="com.listenup.individualassignment.controller.PlaylistControllerTest" time="0.035"/>
  <testcase name="addSongToPlaylist()" classname="com.listenup.individualassignment.controller.PlaylistControllerTest" time="0.032"/>
  <testcase name="updatePlaylist()" classname="com.listenup.individualassignment.controller.PlaylistControllerTest" time="0.019"/>
  <testcase name="getAllPlaylistsNotFound()" classname="com.listenup.individualassignment.controller.PlaylistControllerTest" time="0.014"/>
  <testcase name="createPlaylist()" classname="com.listenup.individualassignment.controller.PlaylistControllerTest" time="0.026"/>
  <testcase name="deletePlaylist()" classname="com.listenup.individualassignment.controller.PlaylistControllerTest" time="0.014"/>
  <testcase name="getPlaylistPathNotFound()" classname="com.listenup.individualassignment.controller.PlaylistControllerTest" time="0.015"/>
  <testcase name="removeSongFromPlaylist()" classname="com.listenup.individualassignment.controller.PlaylistControllerTest" time="0.016"/>
  <testcase name="getAllPlaylists()" classname="com.listenup.individualassignment.controller.PlaylistControllerTest" time="0.019"/>
  <system-out><![CDATA[2022-06-17 03:42:32.207  INFO 11420 --- [    Test worker] .b.t.c.SpringBootTestContextBootstrapper : Neither @ContextConfiguration nor @ContextHierarchy found for test class [com.listenup.individualassignment.controller.PlaylistControllerTest], using SpringBootContextLoader
2022-06-17 03:42:32.229  INFO 11420 --- [    Test worker] o.s.t.c.support.AbstractContextLoader    : Could not detect default resource locations for test class [com.listenup.individualassignment.controller.PlaylistControllerTest]: no resource found for suffixes {-context.xml, Context.groovy}.
2022-06-17 03:42:32.230  INFO 11420 --- [    Test worker] t.c.s.AnnotationConfigContextLoaderUtils : Could not detect default configuration classes for test class [com.listenup.individualassignment.controller.PlaylistControllerTest]: PlaylistControllerTest does not declare any static, non-private, non-final, nested classes annotated with @Configuration.
2022-06-17 03:42:32.233  INFO 11420 --- [    Test worker] .b.t.c.SpringBootTestContextBootstrapper : Found @SpringBootConfiguration com.listenup.individualassignment.ListenUpApplication for test class com.listenup.individualassignment.controller.PlaylistControllerTest
2022-06-17 03:42:32.242  INFO 11420 --- [    Test worker] .b.t.c.SpringBootTestContextBootstrapper : Loaded default TestExecutionListener class names from location [META-INF/spring.factories]: [org.springframework.security.test.context.support.WithSecurityContextTestExecutionListener, org.springframework.security.test.context.support.ReactorContextTestExecutionListener, org.springframework.boot.test.autoconfigure.restdocs.RestDocsTestExecutionListener, org.springframework.boot.test.autoconfigure.web.client.MockRestServiceServerResetTestExecutionListener, org.springframework.boot.test.autoconfigure.web.servlet.MockMvcPrintOnlyOnFailureTestExecutionListener, org.springframework.boot.test.autoconfigure.web.servlet.WebDriverTestExecutionListener, org.springframework.boot.test.autoconfigure.webservices.client.MockWebServiceServerTestExecutionListener, org.springframework.boot.test.mock.mockito.MockitoTestExecutionListener, org.springframework.boot.test.mock.mockito.ResetMocksTestExecutionListener, org.springframework.test.context.web.ServletTestExecutionListener, org.springframework.test.context.support.DirtiesContextBeforeModesTestExecutionListener, org.springframework.test.context.event.ApplicationEventsTestExecutionListener, org.springframework.test.context.support.DependencyInjectionTestExecutionListener, org.springframework.test.context.support.DirtiesContextTestExecutionListener, org.springframework.test.context.transaction.TransactionalTestExecutionListener, org.springframework.test.context.jdbc.SqlScriptsTestExecutionListener, org.springframework.test.context.event.EventPublishingTestExecutionListener]
2022-06-17 03:42:32.246  INFO 11420 --- [    Test worker] .b.t.c.SpringBootTestContextBootstrapper : Using TestExecutionListeners: [org.springframework.test.context.web.ServletTestExecutionListener@d6d7a7f, org.springframework.test.context.support.DirtiesContextBeforeModesTestExecutionListener@4a155fe1, org.springframework.test.context.event.ApplicationEventsTestExecutionListener@513a0d0b, org.springframework.boot.test.mock.mockito.MockitoTestExecutionListener@4dcafc8d, org.springframework.boot.test.autoconfigure.SpringBootDependencyInjectionTestExecutionListener@2b12c9c9, org.springframework.test.context.support.DirtiesContextTestExecutionListener@4b98711d, org.springframework.test.context.transaction.TransactionalTestExecutionListener@4acb7f30, org.springframework.test.context.jdbc.SqlScriptsTestExecutionListener@50ffcc70, org.springframework.security.test.context.support.WithSecurityContextTestExecutionListener@6d1e1b27, org.springframework.test.context.event.EventPublishingTestExecutionListener@65868f00, org.springframework.security.test.context.support.ReactorContextTestExecutionListener@74a54e7f, org.springframework.boot.test.autoconfigure.restdocs.RestDocsTestExecutionListener@5a9790d7, org.springframework.boot.test.autoconfigure.web.client.MockRestServiceServerResetTestExecutionListener@474d6f81, org.springframework.boot.test.autoconfigure.web.servlet.MockMvcPrintOnlyOnFailureTestExecutionListener@16e206e7, org.springframework.boot.test.autoconfigure.web.servlet.WebDriverTestExecutionListener@486a74f2, org.springframework.boot.test.autoconfigure.webservices.client.MockWebServiceServerTestExecutionListener@2e1d5400, org.springframework.boot.test.mock.mockito.ResetMocksTestExecutionListener@2801725]

  .   ____          _            __ _ _
 /\\ / ___'_ __ _ _(_)_ __  __ _ \ \ \ \
( ( )\___ | '_ | '_| | '_ \/ _` | \ \ \ \
 \\/  ___)| |_)| | | | | || (_| |  ) ) ) )
  '  |____| .__|_| |_|_| |_\__, | / / / /
 =========|_|==============|___/=/_/_/_/
 :: Spring Boot ::                (v2.6.3)

2022-06-17 03:42:32.517  INFO 11420 --- [    Test worker] c.l.i.controller.PlaylistControllerTest  : Starting PlaylistControllerTest using Java 17.0.2 on RedIcr with PID 11420 (started by nazib in E:\Study\Semester 3\ITS\Individual Assignment\ListenUp)
2022-06-17 03:42:32.517  INFO 11420 --- [    Test worker] c.l.i.controller.PlaylistControllerTest  : No active profile set, falling back to default profiles: default
2022-06-17 03:42:33.883  INFO 11420 --- [    Test worker] .s.d.r.c.RepositoryConfigurationDelegate : Bootstrapping Spring Data JPA repositories in DEFAULT mode.
2022-06-17 03:42:34.026  INFO 11420 --- [    Test worker] .s.d.r.c.RepositoryConfigurationDelegate : Finished Spring Data repository scanning in 143 ms. Found 6 JPA repository interfaces.
2022-06-17 03:42:34.490  INFO 11420 --- [    Test worker] trationDelegate$BeanPostProcessorChecker : Bean 'methodSecurityConfig' of type [com.listenup.individualassignment.configuration.security.MethodSecurityConfig$$EnhancerBySpringCGLIB$$508bedbf] is not eligible for getting processed by all BeanPostProcessors (for example: not eligible for auto-proxying)
2022-06-17 03:42:34.741  INFO 11420 --- [    Test worker] o.f.c.internal.license.VersionPrinter    : Flyway Community Edition 8.5.12 by Redgate
2022-06-17 03:42:34.741  INFO 11420 --- [    Test worker] o.f.c.internal.license.VersionPrinter    : See what's new here: https://flywaydb.org/documentation/learnmore/releaseNotes#8.5.12
2022-06-17 03:42:34.741  INFO 11420 --- [    Test worker] o.f.c.internal.license.VersionPrinter    : 
2022-06-17 03:42:34.741  INFO 11420 --- [    Test worker] com.zaxxer.hikari.HikariDataSource       : HikariPool-5 - Starting...
2022-06-17 03:42:34.780  INFO 11420 --- [    Test worker] com.zaxxer.hikari.HikariDataSource       : HikariPool-5 - Start completed.
2022-06-17 03:42:34.780  INFO 11420 --- [    Test worker] o.f.c.i.database.base.BaseDatabaseType   : Database: jdbc:mysql://localhost:3306/listen_up (MySQL 8.0)
2022-06-17 03:42:34.832  INFO 11420 --- [    Test worker] o.f.core.internal.command.DbValidate     : Successfully validated 10 migrations (execution time 00:00.033s)
2022-06-17 03:42:34.854  INFO 11420 --- [    Test worker] o.f.core.internal.command.DbMigrate      : Current version of schema `listen_up`: 10
2022-06-17 03:42:34.854  INFO 11420 --- [    Test worker] o.f.core.internal.command.DbMigrate      : Schema `listen_up` is up to date. No migration necessary.
2022-06-17 03:42:35.190  INFO 11420 --- [    Test worker] o.hibernate.jpa.internal.util.LogHelper  : HHH000204: Processing PersistenceUnitInfo [name: default]
2022-06-17 03:42:35.282  INFO 11420 --- [    Test worker] org.hibernate.dialect.Dialect            : HHH000400: Using dialect: org.hibernate.dialect.MySQL8Dialect
2022-06-17 03:42:35.959  INFO 11420 --- [    Test worker] o.h.e.t.j.p.i.JtaPlatformInitiator       : HHH000490: Using JtaPlatform implementation: [org.hibernate.engine.transaction.jta.platform.internal.NoJtaPlatform]
2022-06-17 03:42:35.959  INFO 11420 --- [    Test worker] j.LocalContainerEntityManagerFactoryBean : Initialized JPA EntityManagerFactory for persistence unit 'default'
2022-06-17 03:42:37.292  INFO 11420 --- [    Test worker] .s.s.UserDetailsServiceAutoConfiguration : 

Using generated security password: ddc52e3a-fb09-4874-b11c-ea458e9d9915

2022-06-17 03:42:37.574  INFO 11420 --- [    Test worker] o.s.s.web.DefaultSecurityFilterChain     : Will secure any request with [org.springframework.security.web.context.request.async.WebAsyncManagerIntegrationFilter@118e08e, org.springframework.security.web.context.SecurityContextPersistenceFilter@3a90928, org.springframework.security.web.header.HeaderWriterFilter@5bee83b5, org.springframework.security.web.authentication.logout.LogoutFilter@16a34e67, org.springframework.security.web.savedrequest.RequestCacheAwareFilter@60978427, org.springframework.security.web.servletapi.SecurityContextHolderAwareRequestFilter@380e9789, org.springframework.security.web.authentication.AnonymousAuthenticationFilter@d4446bc, org.springframework.security.web.session.SessionManagementFilter@7589e770, org.springframework.security.web.access.ExceptionTranslationFilter@48a70e35]
2022-06-17 03:42:40.740  INFO 11420 --- [    Test worker] o.s.b.t.m.w.SpringBootMockServletContext : Initializing Spring TestDispatcherServlet ''
2022-06-17 03:42:40.741  INFO 11420 --- [    Test worker] o.s.t.web.servlet.TestDispatcherServlet  : Initializing Servlet ''
2022-06-17 03:42:40.741  INFO 11420 --- [    Test worker] o.s.t.web.servlet.TestDispatcherServlet  : Completed initialization in 0 ms
2022-06-17 03:42:40.757  INFO 11420 --- [    Test worker] c.l.i.controller.PlaylistControllerTest  : Started PlaylistControllerTest in 8.513 seconds (JVM running for 123.735)

MockHttpServletRequest:
      HTTP Method = GET
      Request URI = /playlists/1
       Parameters = {}
          Headers = []
             Body = null
    Session Attrs = {}

Handler:
             Type = com.listenup.individualassignment.controller.PlaylistController
           Method = com.listenup.individualassignment.controller.PlaylistController#getPlaylistPath(long)

Async:
    Async started = false
     Async result = null

Resolved Exception:
             Type = null

ModelAndView:
        View name = null
             View = null
            Model = null

FlashMap:
       Attributes = null

MockHttpServletResponse:
           Status = 200
    Error message = null
          Headers = [Vary:"Origin", "Access-Control-Request-Method", "Access-Control-Request-Headers", Content-Type:"application/json", X-Content-Type-Options:"nosniff", X-XSS-Protection:"1; mode=block", Cache-Control:"no-cache, no-store, max-age=0, must-revalidate", Pragma:"no-cache", Expires:"0", X-Frame-Options:"DENY"]
     Content type = application/json
             Body = {"id":1,"name":"Chill","customer":"Yellow","likedNumber":0,"songs":[]}
    Forwarded URL = null
   Redirected URL = null
          Cookies = []

MockHttpServletRequest:
      HTTP Method = PUT
      Request URI = /playlists/1/songs/add
       Parameters = {}
          Headers = [Content-Type:"application/json;charset=UTF-8", Content-Length:"42"]
             Body = {
        "id": 1,
        "song": null
}

    Session Attrs = {}

Handler:
             Type = com.listenup.individualassignment.controller.PlaylistController
           Method = com.listenup.individualassignment.controller.PlaylistController#addSongToPlaylist(long, AddRemoveSongToPlaylistDTO)

Async:
    Async started = false
     Async result = null

Resolved Exception:
             Type = null

ModelAndView:
        View name = null
             View = null
            Model = null

FlashMap:
       Attributes = null

MockHttpServletResponse:
           Status = 204
    Error message = null
          Headers = [Vary:"Origin", "Access-Control-Request-Method", "Access-Control-Request-Headers", X-Content-Type-Options:"nosniff", X-XSS-Protection:"1; mode=block", Cache-Control:"no-cache, no-store, max-age=0, must-revalidate", Pragma:"no-cache", Expires:"0", X-Frame-Options:"DENY"]
     Content type = null
             Body = 
    Forwarded URL = null
   Redirected URL = null
          Cookies = []

MockHttpServletRequest:
      HTTP Method = PUT
      Request URI = /playlists/1
       Parameters = {}
          Headers = [Content-Type:"application/json;charset=UTF-8", Content-Length:"210"]
             Body = {
        "id": 1,
        "name": "Chill",
        "customer": {
             "id": 1,
             "username": "Yellow",
             "email": "yellow@gmail.com",
             "password": "123Yellow"
    }
}

    Session Attrs = {}

Handler:
             Type = com.listenup.individualassignment.controller.PlaylistController
           Method = com.listenup.individualassignment.controller.PlaylistController#updatePlaylist(long, PlaylistDTO)

Async:
    Async started = false
     Async result = null

Resolved Exception:
             Type = null

ModelAndView:
        View name = null
             View = null
            Model = null

FlashMap:
       Attributes = null

MockHttpServletResponse:
           Status = 204
    Error message = null
          Headers = [Vary:"Origin", "Access-Control-Request-Method", "Access-Control-Request-Headers", X-Content-Type-Options:"nosniff", X-XSS-Protection:"1; mode=block", Cache-Control:"no-cache, no-store, max-age=0, must-revalidate", Pragma:"no-cache", Expires:"0", X-Frame-Options:"DENY"]
     Content type = null
             Body = 
    Forwarded URL = null
   Redirected URL = null
          Cookies = []

MockHttpServletRequest:
      HTTP Method = GET
      Request URI = /playlists
       Parameters = {}
          Headers = []
             Body = null
    Session Attrs = {}

Handler:
             Type = com.listenup.individualassignment.controller.PlaylistController
           Method = com.listenup.individualassignment.controller.PlaylistController#getAllPlaylists()

Async:
    Async started = false
     Async result = null

Resolved Exception:
             Type = null

ModelAndView:
        View name = null
             View = null
            Model = null

FlashMap:
       Attributes = null

MockHttpServletResponse:
           Status = 404
    Error message = null
          Headers = [Vary:"Origin", "Access-Control-Request-Method", "Access-Control-Request-Headers", X-Content-Type-Options:"nosniff", X-XSS-Protection:"1; mode=block", Cache-Control:"no-cache, no-store, max-age=0, must-revalidate", Pragma:"no-cache", Expires:"0", X-Frame-Options:"DENY"]
     Content type = null
             Body = 
    Forwarded URL = null
   Redirected URL = null
          Cookies = []

MockHttpServletRequest:
      HTTP Method = POST
      Request URI = /playlists
       Parameters = {}
          Headers = [Content-Type:"application/json;charset=UTF-8", Content-Length:"193"]
             Body = {
        "name": "Chill",
        "customer": {
             "id": 1,
             "username": "Yellow",
             "email": "yellow@gmail.com",
             "password": "123Yellow"
    }
}

    Session Attrs = {}

Handler:
             Type = com.listenup.individualassignment.controller.PlaylistController
           Method = com.listenup.individualassignment.controller.PlaylistController#createPlaylist(CreatePlaylistRequestDTO)

Async:
    Async started = false
     Async result = null

Resolved Exception:
             Type = null

ModelAndView:
        View name = null
             View = null
            Model = null

FlashMap:
       Attributes = null

MockHttpServletResponse:
           Status = 201
    Error message = null
          Headers = [Vary:"Origin", "Access-Control-Request-Method", "Access-Control-Request-Headers", Content-Type:"application/json", X-Content-Type-Options:"nosniff", X-XSS-Protection:"1; mode=block", Cache-Control:"no-cache, no-store, max-age=0, must-revalidate", Pragma:"no-cache", Expires:"0", X-Frame-Options:"DENY"]
     Content type = application/json
             Body = {"playlistID":1}
    Forwarded URL = null
   Redirected URL = null
          Cookies = []

MockHttpServletRequest:
      HTTP Method = DELETE
      Request URI = /playlists/1
       Parameters = {}
          Headers = []
             Body = null
    Session Attrs = {}

Handler:
             Type = com.listenup.individualassignment.controller.PlaylistController
           Method = com.listenup.individualassignment.controller.PlaylistController#deletePlaylist(long)

Async:
    Async started = false
     Async result = null

Resolved Exception:
             Type = null

ModelAndView:
        View name = null
             View = null
            Model = null

FlashMap:
       Attributes = null

MockHttpServletResponse:
           Status = 200
    Error message = null
          Headers = [Vary:"Origin", "Access-Control-Request-Method", "Access-Control-Request-Headers", X-Content-Type-Options:"nosniff", X-XSS-Protection:"1; mode=block", Cache-Control:"no-cache, no-store, max-age=0, must-revalidate", Pragma:"no-cache", Expires:"0", X-Frame-Options:"DENY"]
     Content type = null
             Body = 
    Forwarded URL = null
   Redirected URL = null
          Cookies = []

MockHttpServletRequest:
      HTTP Method = GET
      Request URI = /playlists/1
       Parameters = {}
          Headers = []
             Body = null
    Session Attrs = {}

Handler:
             Type = com.listenup.individualassignment.controller.PlaylistController
           Method = com.listenup.individualassignment.controller.PlaylistController#getPlaylistPath(long)

Async:
    Async started = false
     Async result = null

Resolved Exception:
             Type = null

ModelAndView:
        View name = null
             View = null
            Model = null

FlashMap:
       Attributes = null

MockHttpServletResponse:
           Status = 404
    Error message = null
          Headers = [Vary:"Origin", "Access-Control-Request-Method", "Access-Control-Request-Headers", X-Content-Type-Options:"nosniff", X-XSS-Protection:"1; mode=block", Cache-Control:"no-cache, no-store, max-age=0, must-revalidate", Pragma:"no-cache", Expires:"0", X-Frame-Options:"DENY"]
     Content type = null
             Body = 
    Forwarded URL = null
   Redirected URL = null
          Cookies = []

MockHttpServletRequest:
      HTTP Method = PUT
      Request URI = /playlists/1/songs/remove
       Parameters = {}
          Headers = [Content-Type:"application/json;charset=UTF-8", Content-Length:"42"]
             Body = {
        "id": 1,
        "song": null
}

    Session Attrs = {}

Handler:
             Type = com.listenup.individualassignment.controller.PlaylistController
           Method = com.listenup.individualassignment.controller.PlaylistController#removeSongToPlaylist(long, AddRemoveSongToPlaylistDTO)

Async:
    Async started = false
     Async result = null

Resolved Exception:
             Type = null

ModelAndView:
        View name = null
             View = null
            Model = null

FlashMap:
       Attributes = null

MockHttpServletResponse:
           Status = 204
    Error message = null
          Headers = [Vary:"Origin", "Access-Control-Request-Method", "Access-Control-Request-Headers", X-Content-Type-Options:"nosniff", X-XSS-Protection:"1; mode=block", Cache-Control:"no-cache, no-store, max-age=0, must-revalidate", Pragma:"no-cache", Expires:"0", X-Frame-Options:"DENY"]
     Content type = null
             Body = 
    Forwarded URL = null
   Redirected URL = null
          Cookies = []

MockHttpServletRequest:
      HTTP Method = GET
      Request URI = /playlists
       Parameters = {}
          Headers = []
             Body = null
    Session Attrs = {}

Handler:
             Type = com.listenup.individualassignment.controller.PlaylistController
           Method = com.listenup.individualassignment.controller.PlaylistController#getAllPlaylists()

Async:
    Async started = false
     Async result = null

Resolved Exception:
             Type = null

ModelAndView:
        View name = null
             View = null
            Model = null

FlashMap:
       Attributes = null

MockHttpServletResponse:
           Status = 200
    Error message = null
          Headers = [Vary:"Origin", "Access-Control-Request-Method", "Access-Control-Request-Headers", Content-Type:"application/json", X-Content-Type-Options:"nosniff", X-XSS-Protection:"1; mode=block", Cache-Control:"no-cache, no-store, max-age=0, must-revalidate", Pragma:"no-cache", Expires:"0", X-Frame-Options:"DENY"]
     Content type = application/json
             Body = [{"id":1,"name":"Chill","customer":{"id":1,"username":"Yellow","email":"yellow@gmail.com","password":"123Yellow"},"likedNumber":0},{"id":2,"name":"Workout","customer":{"id":1,"username":"Yellow","email":"yellow@gmail.com","password":"123Yellow"},"likedNumber":0}]
    Forwarded URL = null
   Redirected URL = null
          Cookies = []
]]></system-out>
  <system-err><![CDATA[]]></system-err>
</testsuite>
