<?xml version="1.0" encoding="UTF-8"?>
<testsuite name="com.listenup.individualassignment.controller.GenreControllerTest" tests="7" skipped="0" failures="0" errors="0" timestamp="2022-06-17T01:42:20" hostname="REDICR" time="0.243">
  <properties/>
  <testcase name="getAllGenresNotFound()" classname="com.listenup.individualassignment.controller.GenreControllerTest" time="0.09"/>
  <testcase name="deleteGenre()" classname="com.listenup.individualassignment.controller.GenreControllerTest" time="0.021"/>
  <testcase name="getAllGenres()" classname="com.listenup.individualassignment.controller.GenreControllerTest" time="0.025"/>
  <testcase name="updateGenre()" classname="com.listenup.individualassignment.controller.GenreControllerTest" time="0.024"/>
  <testcase name="createGenre()" classname="com.listenup.individualassignment.controller.GenreControllerTest" time="0.022"/>
  <testcase name="getGenrePath()" classname="com.listenup.individualassignment.controller.GenreControllerTest" time="0.03"/>
  <testcase name="getGenrePathNotFound()" classname="com.listenup.individualassignment.controller.GenreControllerTest" time="0.013"/>
  <system-out><![CDATA[2022-06-17 03:42:11.066  INFO 11420 --- [    Test worker] .b.t.c.SpringBootTestContextBootstrapper : Neither @ContextConfiguration nor @ContextHierarchy found for test class [com.listenup.individualassignment.controller.GenreControllerTest], using SpringBootContextLoader
2022-06-17 03:42:11.066  INFO 11420 --- [    Test worker] o.s.t.c.support.AbstractContextLoader    : Could not detect default resource locations for test class [com.listenup.individualassignment.controller.GenreControllerTest]: no resource found for suffixes {-context.xml, Context.groovy}.
2022-06-17 03:42:11.066  INFO 11420 --- [    Test worker] t.c.s.AnnotationConfigContextLoaderUtils : Could not detect default configuration classes for test class [com.listenup.individualassignment.controller.GenreControllerTest]: GenreControllerTest does not declare any static, non-private, non-final, nested classes annotated with @Configuration.
2022-06-17 03:42:11.066  INFO 11420 --- [    Test worker] .b.t.c.SpringBootTestContextBootstrapper : Found @SpringBootConfiguration com.listenup.individualassignment.ListenUpApplication for test class com.listenup.individualassignment.controller.GenreControllerTest
2022-06-17 03:42:11.079  INFO 11420 --- [    Test worker] .b.t.c.SpringBootTestContextBootstrapper : Loaded default TestExecutionListener class names from location [META-INF/spring.factories]: [org.springframework.security.test.context.support.WithSecurityContextTestExecutionListener, org.springframework.security.test.context.support.ReactorContextTestExecutionListener, org.springframework.boot.test.autoconfigure.restdocs.RestDocsTestExecutionListener, org.springframework.boot.test.autoconfigure.web.client.MockRestServiceServerResetTestExecutionListener, org.springframework.boot.test.autoconfigure.web.servlet.MockMvcPrintOnlyOnFailureTestExecutionListener, org.springframework.boot.test.autoconfigure.web.servlet.WebDriverTestExecutionListener, org.springframework.boot.test.autoconfigure.webservices.client.MockWebServiceServerTestExecutionListener, org.springframework.boot.test.mock.mockito.MockitoTestExecutionListener, org.springframework.boot.test.mock.mockito.ResetMocksTestExecutionListener, org.springframework.test.context.web.ServletTestExecutionListener, org.springframework.test.context.support.DirtiesContextBeforeModesTestExecutionListener, org.springframework.test.context.event.ApplicationEventsTestExecutionListener, org.springframework.test.context.support.DependencyInjectionTestExecutionListener, org.springframework.test.context.support.DirtiesContextTestExecutionListener, org.springframework.test.context.transaction.TransactionalTestExecutionListener, org.springframework.test.context.jdbc.SqlScriptsTestExecutionListener, org.springframework.test.context.event.EventPublishingTestExecutionListener]
2022-06-17 03:42:11.079  INFO 11420 --- [    Test worker] .b.t.c.SpringBootTestContextBootstrapper : Using TestExecutionListeners: [org.springframework.test.context.web.ServletTestExecutionListener@489c6911, org.springframework.test.context.support.DirtiesContextBeforeModesTestExecutionListener@5f7f672e, org.springframework.test.context.event.ApplicationEventsTestExecutionListener@2af259c3, org.springframework.boot.test.mock.mockito.MockitoTestExecutionListener@5de10f47, org.springframework.boot.test.autoconfigure.SpringBootDependencyInjectionTestExecutionListener@769e210b, org.springframework.test.context.support.DirtiesContextTestExecutionListener@527c7ee1, org.springframework.test.context.transaction.TransactionalTestExecutionListener@6a78192c, org.springframework.test.context.jdbc.SqlScriptsTestExecutionListener@3f36a813, org.springframework.security.test.context.support.WithSecurityContextTestExecutionListener@38274087, org.springframework.test.context.event.EventPublishingTestExecutionListener@99daa14, org.springframework.security.test.context.support.ReactorContextTestExecutionListener@23067372, org.springframework.boot.test.autoconfigure.restdocs.RestDocsTestExecutionListener@29fa2131, org.springframework.boot.test.autoconfigure.web.client.MockRestServiceServerResetTestExecutionListener@2b5b7ff1, org.springframework.boot.test.autoconfigure.web.servlet.MockMvcPrintOnlyOnFailureTestExecutionListener@4ff2ad84, org.springframework.boot.test.autoconfigure.web.servlet.WebDriverTestExecutionListener@5fffcaeb, org.springframework.boot.test.autoconfigure.webservices.client.MockWebServiceServerTestExecutionListener@27f49b8c, org.springframework.boot.test.mock.mockito.ResetMocksTestExecutionListener@5720dc74]

  .   ____          _            __ _ _
 /\\ / ___'_ __ _ _(_)_ __  __ _ \ \ \ \
( ( )\___ | '_ | '_| | '_ \/ _` | \ \ \ \
 \\/  ___)| |_)| | | | | || (_| |  ) ) ) )
  '  |____| .__|_| |_|_| |_\__, | / / / /
 =========|_|==============|___/=/_/_/_/
 :: Spring Boot ::                (v2.6.3)

2022-06-17 03:42:11.129  INFO 11420 --- [    Test worker] c.l.i.controller.GenreControllerTest     : Starting GenreControllerTest using Java 17.0.2 on RedIcr with PID 11420 (started by nazib in E:\Study\Semester 3\ITS\Individual Assignment\ListenUp)
2022-06-17 03:42:11.129  INFO 11420 --- [    Test worker] c.l.i.controller.GenreControllerTest     : No active profile set, falling back to default profiles: default
2022-06-17 03:42:12.138  INFO 11420 --- [    Test worker] .s.d.r.c.RepositoryConfigurationDelegate : Bootstrapping Spring Data JPA repositories in DEFAULT mode.
2022-06-17 03:42:12.289  INFO 11420 --- [    Test worker] .s.d.r.c.RepositoryConfigurationDelegate : Finished Spring Data repository scanning in 150 ms. Found 6 JPA repository interfaces.
2022-06-17 03:42:12.778  INFO 11420 --- [    Test worker] trationDelegate$BeanPostProcessorChecker : Bean 'methodSecurityConfig' of type [com.listenup.individualassignment.configuration.security.MethodSecurityConfig$$EnhancerBySpringCGLIB$$508bedbf] is not eligible for getting processed by all BeanPostProcessors (for example: not eligible for auto-proxying)
2022-06-17 03:42:13.032  INFO 11420 --- [    Test worker] o.f.c.internal.license.VersionPrinter    : Flyway Community Edition 8.5.12 by Redgate
2022-06-17 03:42:13.032  INFO 11420 --- [    Test worker] o.f.c.internal.license.VersionPrinter    : See what's new here: https://flywaydb.org/documentation/learnmore/releaseNotes#8.5.12
2022-06-17 03:42:13.032  INFO 11420 --- [    Test worker] o.f.c.internal.license.VersionPrinter    : 
2022-06-17 03:42:13.049  INFO 11420 --- [    Test worker] com.zaxxer.hikari.HikariDataSource       : HikariPool-3 - Starting...
2022-06-17 03:42:13.090  INFO 11420 --- [    Test worker] com.zaxxer.hikari.HikariDataSource       : HikariPool-3 - Start completed.
2022-06-17 03:42:13.092  INFO 11420 --- [    Test worker] o.f.c.i.database.base.BaseDatabaseType   : Database: jdbc:mysql://localhost:3306/listen_up (MySQL 8.0)
2022-06-17 03:42:13.147  INFO 11420 --- [    Test worker] o.f.core.internal.command.DbValidate     : Successfully validated 10 migrations (execution time 00:00.032s)
2022-06-17 03:42:13.163  INFO 11420 --- [    Test worker] o.f.core.internal.command.DbMigrate      : Current version of schema `listen_up`: 10
2022-06-17 03:42:13.163  INFO 11420 --- [    Test worker] o.f.core.internal.command.DbMigrate      : Schema `listen_up` is up to date. No migration necessary.
2022-06-17 03:42:13.667  INFO 11420 --- [    Test worker] o.hibernate.jpa.internal.util.LogHelper  : HHH000204: Processing PersistenceUnitInfo [name: default]
2022-06-17 03:42:13.886  INFO 11420 --- [    Test worker] org.hibernate.dialect.Dialect            : HHH000400: Using dialect: org.hibernate.dialect.MySQL8Dialect
2022-06-17 03:42:14.994  INFO 11420 --- [    Test worker] o.h.e.t.j.p.i.JtaPlatformInitiator       : HHH000490: Using JtaPlatform implementation: [org.hibernate.engine.transaction.jta.platform.internal.NoJtaPlatform]
2022-06-17 03:42:14.995  INFO 11420 --- [    Test worker] j.LocalContainerEntityManagerFactoryBean : Initialized JPA EntityManagerFactory for persistence unit 'default'
2022-06-17 03:42:17.013  INFO 11420 --- [    Test worker] .s.s.UserDetailsServiceAutoConfiguration : 

Using generated security password: 6ad7f776-2a97-4021-9075-b6d58ad73d0e

2022-06-17 03:42:17.744  INFO 11420 --- [    Test worker] o.s.s.web.DefaultSecurityFilterChain     : Will secure any request with [org.springframework.security.web.context.request.async.WebAsyncManagerIntegrationFilter@1d90ca85, org.springframework.security.web.context.SecurityContextPersistenceFilter@6434c3d2, org.springframework.security.web.header.HeaderWriterFilter@39f14ae8, org.springframework.security.web.authentication.logout.LogoutFilter@8ccb59e, org.springframework.security.web.savedrequest.RequestCacheAwareFilter@64271c67, org.springframework.security.web.servletapi.SecurityContextHolderAwareRequestFilter@609dcec3, org.springframework.security.web.authentication.AnonymousAuthenticationFilter@701decec, org.springframework.security.web.session.SessionManagementFilter@c4c528b, org.springframework.security.web.access.ExceptionTranslationFilter@6fcbc5f0]
2022-06-17 03:42:20.906  INFO 11420 --- [    Test worker] o.s.b.t.m.w.SpringBootMockServletContext : Initializing Spring TestDispatcherServlet ''
2022-06-17 03:42:20.915  INFO 11420 --- [    Test worker] o.s.t.web.servlet.TestDispatcherServlet  : Initializing Servlet ''
2022-06-17 03:42:20.919  INFO 11420 --- [    Test worker] o.s.t.web.servlet.TestDispatcherServlet  : Completed initialization in 4 ms
2022-06-17 03:42:20.992  INFO 11420 --- [    Test worker] c.l.i.controller.GenreControllerTest     : Started GenreControllerTest in 9.91 seconds (JVM running for 103.963)

MockHttpServletRequest:
      HTTP Method = GET
      Request URI = /genres
       Parameters = {}
          Headers = []
             Body = null
    Session Attrs = {}

Handler:
             Type = com.listenup.individualassignment.controller.GenreController
           Method = com.listenup.individualassignment.controller.GenreController#getAllGenres()

Async:
    Async started = false
     Async result = null

Resolved Exception:
             Type = null

ModelAndView:
        View name = null
             View = null
            Model = null

FlashMap:
       Attributes = null

MockHttpServletResponse:
           Status = 404
    Error message = null
          Headers = [Vary:"Origin", "Access-Control-Request-Method", "Access-Control-Request-Headers", X-Content-Type-Options:"nosniff", X-XSS-Protection:"1; mode=block", Cache-Control:"no-cache, no-store, max-age=0, must-revalidate", Pragma:"no-cache", Expires:"0", X-Frame-Options:"DENY"]
     Content type = null
             Body = 
    Forwarded URL = null
   Redirected URL = null
          Cookies = []

MockHttpServletRequest:
      HTTP Method = DELETE
      Request URI = /genres/1
       Parameters = {}
          Headers = []
             Body = null
    Session Attrs = {}

Handler:
             Type = com.listenup.individualassignment.controller.GenreController
           Method = com.listenup.individualassignment.controller.GenreController#deleteGenre(int)

Async:
    Async started = false
     Async result = null

Resolved Exception:
             Type = null

ModelAndView:
        View name = null
             View = null
            Model = null

FlashMap:
       Attributes = null

MockHttpServletResponse:
           Status = 200
    Error message = null
          Headers = [Vary:"Origin", "Access-Control-Request-Method", "Access-Control-Request-Headers", X-Content-Type-Options:"nosniff", X-XSS-Protection:"1; mode=block", Cache-Control:"no-cache, no-store, max-age=0, must-revalidate", Pragma:"no-cache", Expires:"0", X-Frame-Options:"DENY"]
     Content type = null
             Body = 
    Forwarded URL = null
   Redirected URL = null
          Cookies = []

MockHttpServletRequest:
      HTTP Method = GET
      Request URI = /genres
       Parameters = {}
          Headers = []
             Body = null
    Session Attrs = {}

Handler:
             Type = com.listenup.individualassignment.controller.GenreController
           Method = com.listenup.individualassignment.controller.GenreController#getAllGenres()

Async:
    Async started = false
     Async result = null

Resolved Exception:
             Type = null

ModelAndView:
        View name = null
             View = null
            Model = null

FlashMap:
       Attributes = null

MockHttpServletResponse:
           Status = 200
    Error message = null
          Headers = [Vary:"Origin", "Access-Control-Request-Method", "Access-Control-Request-Headers", Content-Type:"application/json", X-Content-Type-Options:"nosniff", X-XSS-Protection:"1; mode=block", Cache-Control:"no-cache, no-store, max-age=0, must-revalidate", Pragma:"no-cache", Expires:"0", X-Frame-Options:"DENY"]
     Content type = application/json
             Body = [{"id":1,"name":"Pop"},{"id":2,"name":"Hip-hop"}]
    Forwarded URL = null
   Redirected URL = null
          Cookies = []

MockHttpServletRequest:
      HTTP Method = PUT
      Request URI = /genres/1
       Parameters = {}
          Headers = [Content-Type:"application/json;charset=UTF-8", Content-Length:"43"]
             Body = {
        "id": 1,
        "name": "Pop"
}

    Session Attrs = {}

Handler:
             Type = com.listenup.individualassignment.controller.GenreController
           Method = com.listenup.individualassignment.controller.GenreController#updateGenre(long, GenreDTO)

Async:
    Async started = false
     Async result = null

Resolved Exception:
             Type = null

ModelAndView:
        View name = null
             View = null
            Model = null

FlashMap:
       Attributes = null

MockHttpServletResponse:
           Status = 204
    Error message = null
          Headers = [Vary:"Origin", "Access-Control-Request-Method", "Access-Control-Request-Headers", X-Content-Type-Options:"nosniff", X-XSS-Protection:"1; mode=block", Cache-Control:"no-cache, no-store, max-age=0, must-revalidate", Pragma:"no-cache", Expires:"0", X-Frame-Options:"DENY"]
     Content type = null
             Body = 
    Forwarded URL = null
   Redirected URL = null
          Cookies = []

MockHttpServletRequest:
      HTTP Method = POST
      Request URI = /genres
       Parameters = {}
          Headers = [Content-Type:"application/json;charset=UTF-8", Content-Length:"26"]
             Body = {
        "name": "Pop"
}

    Session Attrs = {}

Handler:
             Type = com.listenup.individualassignment.controller.GenreController
           Method = com.listenup.individualassignment.controller.GenreController#createGenre(CreateGenreRequestDTO)

Async:
    Async started = false
     Async result = null

Resolved Exception:
             Type = null

ModelAndView:
        View name = null
             View = null
            Model = null

FlashMap:
       Attributes = null

MockHttpServletResponse:
           Status = 201
    Error message = null
          Headers = [Vary:"Origin", "Access-Control-Request-Method", "Access-Control-Request-Headers", Content-Type:"application/json", X-Content-Type-Options:"nosniff", X-XSS-Protection:"1; mode=block", Cache-Control:"no-cache, no-store, max-age=0, must-revalidate", Pragma:"no-cache", Expires:"0", X-Frame-Options:"DENY"]
     Content type = application/json
             Body = {"genreID":1}
    Forwarded URL = null
   Redirected URL = null
          Cookies = []

MockHttpServletRequest:
      HTTP Method = GET
      Request URI = /genres/1
       Parameters = {}
          Headers = []
             Body = null
    Session Attrs = {}

Handler:
             Type = com.listenup.individualassignment.controller.GenreController
           Method = com.listenup.individualassignment.controller.GenreController#getGenrePath(long)

Async:
    Async started = false
     Async result = null

Resolved Exception:
             Type = null

ModelAndView:
        View name = null
             View = null
            Model = null

FlashMap:
       Attributes = null

MockHttpServletResponse:
           Status = 200
    Error message = null
          Headers = [Vary:"Origin", "Access-Control-Request-Method", "Access-Control-Request-Headers", Content-Type:"application/json", X-Content-Type-Options:"nosniff", X-XSS-Protection:"1; mode=block", Cache-Control:"no-cache, no-store, max-age=0, must-revalidate", Pragma:"no-cache", Expires:"0", X-Frame-Options:"DENY"]
     Content type = application/json
             Body = {"id":1,"name":"Pop","songs":[]}
    Forwarded URL = null
   Redirected URL = null
          Cookies = []

MockHttpServletRequest:
      HTTP Method = GET
      Request URI = /genres/1
       Parameters = {}
          Headers = []
             Body = null
    Session Attrs = {}

Handler:
             Type = com.listenup.individualassignment.controller.GenreController
           Method = com.listenup.individualassignment.controller.GenreController#getGenrePath(long)

Async:
    Async started = false
     Async result = null

Resolved Exception:
             Type = null

ModelAndView:
        View name = null
             View = null
            Model = null

FlashMap:
       Attributes = null

MockHttpServletResponse:
           Status = 404
    Error message = null
          Headers = [Vary:"Origin", "Access-Control-Request-Method", "Access-Control-Request-Headers", X-Content-Type-Options:"nosniff", X-XSS-Protection:"1; mode=block", Cache-Control:"no-cache, no-store, max-age=0, must-revalidate", Pragma:"no-cache", Expires:"0", X-Frame-Options:"DENY"]
     Content type = null
             Body = 
    Forwarded URL = null
   Redirected URL = null
          Cookies = []
]]></system-out>
  <system-err><![CDATA[]]></system-err>
</testsuite>
