<?xml version="1.0" encoding="UTF-8"?>
<testsuite name="com.listenup.individualassignment.business.imp.AlbumServiceImpTest" tests="7" skipped="0" failures="0" errors="0" timestamp="2022-06-17T01:40:45" hostname="REDICR" time="6.3">
  <properties/>
  <testcase name="getAlbumSongsWithValidInput()" classname="com.listenup.individualassignment.business.imp.AlbumServiceImpTest" time="5.967"/>
  <testcase name="addAlbum()" classname="com.listenup.individualassignment.business.imp.AlbumServiceImpTest" time="0.04"/>
  <testcase name="deleteAlbumInvalid()" classname="com.listenup.individualassignment.business.imp.AlbumServiceImpTest" time="0.043"/>
  <testcase name="editAlbumInvalidInput()" classname="com.listenup.individualassignment.business.imp.AlbumServiceImpTest" time="0.08"/>
  <testcase name="editAlbumValidInput()" classname="com.listenup.individualassignment.business.imp.AlbumServiceImpTest" time="0.013"/>
  <testcase name="getAlbums()" classname="com.listenup.individualassignment.business.imp.AlbumServiceImpTest" time="0.128"/>
  <testcase name="deleteAlbumValid()" classname="com.listenup.individualassignment.business.imp.AlbumServiceImpTest" time="0.013"/>
  <system-out><![CDATA[]]></system-out>
  <system-err><![CDATA[]]></system-err>
</testsuite>
