<?xml version="1.0" encoding="UTF-8"?>
<testsuite name="com.listenup.individualassignment.business.imp.dtoconverter.ArtistDTOConverterTest" tests="6" skipped="0" failures="0" errors="0" timestamp="2022-06-17T01:40:56" hostname="REDICR" time="0.007">
  <properties/>
  <testcase name="convertToDTOList()" classname="com.listenup.individualassignment.business.imp.dtoconverter.ArtistDTOConverterTest" time="0.0"/>
  <testcase name="convertToDTOForAlbum()" classname="com.listenup.individualassignment.business.imp.dtoconverter.ArtistDTOConverterTest" time="0.001"/>
  <testcase name="convertToDTO()" classname="com.listenup.individualassignment.business.imp.dtoconverter.ArtistDTOConverterTest" time="0.001"/>
  <testcase name="convertToModelForCreate()" classname="com.listenup.individualassignment.business.imp.dtoconverter.ArtistDTOConverterTest" time="0.0"/>
  <testcase name="convertToModelForUpdate()" classname="com.listenup.individualassignment.business.imp.dtoconverter.ArtistDTOConverterTest" time="0.001"/>
  <testcase name="convertToDTOForSong()" classname="com.listenup.individualassignment.business.imp.dtoconverter.ArtistDTOConverterTest" time="0.001"/>
  <system-out><![CDATA[]]></system-out>
  <system-err><![CDATA[]]></system-err>
</testsuite>
