<?xml version="1.0" encoding="UTF-8"?>
<testsuite name="com.listenup.individualassignment.controller.SongControllerTest" tests="8" skipped="0" failures="0" errors="0" timestamp="2022-06-17T01:42:48" hostname="REDICR" time="0.221">
  <properties/>
  <testcase name="createSingleSong()" classname="com.listenup.individualassignment.controller.SongControllerTest" time="0.043"/>
  <testcase name="getSongPath()" classname="com.listenup.individualassignment.controller.SongControllerTest" time="0.027"/>
  <testcase name="getAllSongs()" classname="com.listenup.individualassignment.controller.SongControllerTest" time="0.018"/>
  <testcase name="updateSong()" classname="com.listenup.individualassignment.controller.SongControllerTest" time="0.027"/>
  <testcase name="getSongPathNotFound()" classname="com.listenup.individualassignment.controller.SongControllerTest" time="0.022"/>
  <testcase name="getAllSongsNotFound()" classname="com.listenup.individualassignment.controller.SongControllerTest" time="0.029"/>
  <testcase name="deleteSong()" classname="com.listenup.individualassignment.controller.SongControllerTest" time="0.017"/>
  <testcase name="CreateAlbumSong()" classname="com.listenup.individualassignment.controller.SongControllerTest" time="0.027"/>
  <system-out><![CDATA[2022-06-17 03:42:41.150  INFO 11420 --- [    Test worker] .b.t.c.SpringBootTestContextBootstrapper : Neither @ContextConfiguration nor @ContextHierarchy found for test class [com.listenup.individualassignment.controller.SongControllerTest], using SpringBootContextLoader
2022-06-17 03:42:41.150  INFO 11420 --- [    Test worker] o.s.t.c.support.AbstractContextLoader    : Could not detect default resource locations for test class [com.listenup.individualassignment.controller.SongControllerTest]: no resource found for suffixes {-context.xml, Context.groovy}.
2022-06-17 03:42:41.150  INFO 11420 --- [    Test worker] t.c.s.AnnotationConfigContextLoaderUtils : Could not detect default configuration classes for test class [com.listenup.individualassignment.controller.SongControllerTest]: SongControllerTest does not declare any static, non-private, non-final, nested classes annotated with @Configuration.
2022-06-17 03:42:41.150  INFO 11420 --- [    Test worker] .b.t.c.SpringBootTestContextBootstrapper : Found @SpringBootConfiguration com.listenup.individualassignment.ListenUpApplication for test class com.listenup.individualassignment.controller.SongControllerTest
2022-06-17 03:42:41.150  INFO 11420 --- [    Test worker] .b.t.c.SpringBootTestContextBootstrapper : Loaded default TestExecutionListener class names from location [META-INF/spring.factories]: [org.springframework.security.test.context.support.WithSecurityContextTestExecutionListener, org.springframework.security.test.context.support.ReactorContextTestExecutionListener, org.springframework.boot.test.autoconfigure.restdocs.RestDocsTestExecutionListener, org.springframework.boot.test.autoconfigure.web.client.MockRestServiceServerResetTestExecutionListener, org.springframework.boot.test.autoconfigure.web.servlet.MockMvcPrintOnlyOnFailureTestExecutionListener, org.springframework.boot.test.autoconfigure.web.servlet.WebDriverTestExecutionListener, org.springframework.boot.test.autoconfigure.webservices.client.MockWebServiceServerTestExecutionListener, org.springframework.boot.test.mock.mockito.MockitoTestExecutionListener, org.springframework.boot.test.mock.mockito.ResetMocksTestExecutionListener, org.springframework.test.context.web.ServletTestExecutionListener, org.springframework.test.context.support.DirtiesContextBeforeModesTestExecutionListener, org.springframework.test.context.event.ApplicationEventsTestExecutionListener, org.springframework.test.context.support.DependencyInjectionTestExecutionListener, org.springframework.test.context.support.DirtiesContextTestExecutionListener, org.springframework.test.context.transaction.TransactionalTestExecutionListener, org.springframework.test.context.jdbc.SqlScriptsTestExecutionListener, org.springframework.test.context.event.EventPublishingTestExecutionListener]
2022-06-17 03:42:41.169  INFO 11420 --- [    Test worker] .b.t.c.SpringBootTestContextBootstrapper : Using TestExecutionListeners: [org.springframework.test.context.web.ServletTestExecutionListener@3ea865a8, org.springframework.test.context.support.DirtiesContextBeforeModesTestExecutionListener@39f303a9, org.springframework.test.context.event.ApplicationEventsTestExecutionListener@62305a46, org.springframework.boot.test.mock.mockito.MockitoTestExecutionListener@49c80c6c, org.springframework.boot.test.autoconfigure.SpringBootDependencyInjectionTestExecutionListener@34b0a5d8, org.springframework.test.context.support.DirtiesContextTestExecutionListener@157f16ac, org.springframework.test.context.transaction.TransactionalTestExecutionListener@757d8c2f, org.springframework.test.context.jdbc.SqlScriptsTestExecutionListener@7cdf4580, org.springframework.security.test.context.support.WithSecurityContextTestExecutionListener@4d70b1a6, org.springframework.test.context.event.EventPublishingTestExecutionListener@20d704d2, org.springframework.security.test.context.support.ReactorContextTestExecutionListener@3952e813, org.springframework.boot.test.autoconfigure.restdocs.RestDocsTestExecutionListener@3f2749fc, org.springframework.boot.test.autoconfigure.web.client.MockRestServiceServerResetTestExecutionListener@7712323f, org.springframework.boot.test.autoconfigure.web.servlet.MockMvcPrintOnlyOnFailureTestExecutionListener@6f7b499b, org.springframework.boot.test.autoconfigure.web.servlet.WebDriverTestExecutionListener@41472617, org.springframework.boot.test.autoconfigure.webservices.client.MockWebServiceServerTestExecutionListener@442aef6a, org.springframework.boot.test.mock.mockito.ResetMocksTestExecutionListener@22cfae1a]

  .   ____          _            __ _ _
 /\\ / ___'_ __ _ _(_)_ __  __ _ \ \ \ \
( ( )\___ | '_ | '_| | '_ \/ _` | \ \ \ \
 \\/  ___)| |_)| | | | | || (_| |  ) ) ) )
  '  |____| .__|_| |_|_| |_\__, | / / / /
 =========|_|==============|___/=/_/_/_/
 :: Spring Boot ::                (v2.6.3)

2022-06-17 03:42:41.273  INFO 11420 --- [    Test worker] c.l.i.controller.SongControllerTest      : Starting SongControllerTest using Java 17.0.2 on RedIcr with PID 11420 (started by nazib in E:\Study\Semester 3\ITS\Individual Assignment\ListenUp)
2022-06-17 03:42:41.273  INFO 11420 --- [    Test worker] c.l.i.controller.SongControllerTest      : No active profile set, falling back to default profiles: default
2022-06-17 03:42:42.295  INFO 11420 --- [    Test worker] .s.d.r.c.RepositoryConfigurationDelegate : Bootstrapping Spring Data JPA repositories in DEFAULT mode.
2022-06-17 03:42:42.407  INFO 11420 --- [    Test worker] .s.d.r.c.RepositoryConfigurationDelegate : Finished Spring Data repository scanning in 114 ms. Found 6 JPA repository interfaces.
2022-06-17 03:42:42.921  INFO 11420 --- [    Test worker] trationDelegate$BeanPostProcessorChecker : Bean 'methodSecurityConfig' of type [com.listenup.individualassignment.configuration.security.MethodSecurityConfig$$EnhancerBySpringCGLIB$$508bedbf] is not eligible for getting processed by all BeanPostProcessors (for example: not eligible for auto-proxying)
2022-06-17 03:42:43.086  INFO 11420 --- [    Test worker] o.f.c.internal.license.VersionPrinter    : Flyway Community Edition 8.5.12 by Redgate
2022-06-17 03:42:43.086  INFO 11420 --- [    Test worker] o.f.c.internal.license.VersionPrinter    : See what's new here: https://flywaydb.org/documentation/learnmore/releaseNotes#8.5.12
2022-06-17 03:42:43.086  INFO 11420 --- [    Test worker] o.f.c.internal.license.VersionPrinter    : 
2022-06-17 03:42:43.086  INFO 11420 --- [    Test worker] com.zaxxer.hikari.HikariDataSource       : HikariPool-6 - Starting...
2022-06-17 03:42:43.139  INFO 11420 --- [    Test worker] com.zaxxer.hikari.HikariDataSource       : HikariPool-6 - Start completed.
2022-06-17 03:42:43.139  INFO 11420 --- [    Test worker] o.f.c.i.database.base.BaseDatabaseType   : Database: jdbc:mysql://localhost:3306/listen_up (MySQL 8.0)
2022-06-17 03:42:43.235  INFO 11420 --- [    Test worker] o.f.core.internal.command.DbValidate     : Successfully validated 10 migrations (execution time 00:00.032s)
2022-06-17 03:42:43.252  INFO 11420 --- [    Test worker] o.f.core.internal.command.DbMigrate      : Current version of schema `listen_up`: 10
2022-06-17 03:42:43.252  INFO 11420 --- [    Test worker] o.f.core.internal.command.DbMigrate      : Schema `listen_up` is up to date. No migration necessary.
2022-06-17 03:42:43.532  INFO 11420 --- [    Test worker] o.hibernate.jpa.internal.util.LogHelper  : HHH000204: Processing PersistenceUnitInfo [name: default]
2022-06-17 03:42:43.609  INFO 11420 --- [    Test worker] org.hibernate.dialect.Dialect            : HHH000400: Using dialect: org.hibernate.dialect.MySQL8Dialect
2022-06-17 03:42:44.011  INFO 11420 --- [    Test worker] o.h.e.t.j.p.i.JtaPlatformInitiator       : HHH000490: Using JtaPlatform implementation: [org.hibernate.engine.transaction.jta.platform.internal.NoJtaPlatform]
2022-06-17 03:42:44.012  INFO 11420 --- [    Test worker] j.LocalContainerEntityManagerFactoryBean : Initialized JPA EntityManagerFactory for persistence unit 'default'
2022-06-17 03:42:45.140  INFO 11420 --- [    Test worker] .s.s.UserDetailsServiceAutoConfiguration : 

Using generated security password: 6310700e-7d7e-4476-8295-6ab1a2a33cee

2022-06-17 03:42:45.405  INFO 11420 --- [    Test worker] o.s.s.web.DefaultSecurityFilterChain     : Will secure any request with [org.springframework.security.web.context.request.async.WebAsyncManagerIntegrationFilter@207a20dc, org.springframework.security.web.context.SecurityContextPersistenceFilter@146afef2, org.springframework.security.web.header.HeaderWriterFilter@2b056b94, org.springframework.security.web.authentication.logout.LogoutFilter@3a07caf2, org.springframework.security.web.savedrequest.RequestCacheAwareFilter@6b8b9ca9, org.springframework.security.web.servletapi.SecurityContextHolderAwareRequestFilter@1bb03b9b, org.springframework.security.web.authentication.AnonymousAuthenticationFilter@24ae3e7b, org.springframework.security.web.session.SessionManagementFilter@5b266c00, org.springframework.security.web.access.ExceptionTranslationFilter@16f4711b]
2022-06-17 03:42:47.989  INFO 11420 --- [    Test worker] o.s.b.t.m.w.SpringBootMockServletContext : Initializing Spring TestDispatcherServlet ''
2022-06-17 03:42:47.989  INFO 11420 --- [    Test worker] o.s.t.web.servlet.TestDispatcherServlet  : Initializing Servlet ''
2022-06-17 03:42:47.989  INFO 11420 --- [    Test worker] o.s.t.web.servlet.TestDispatcherServlet  : Completed initialization in 0 ms
2022-06-17 03:42:48.042  INFO 11420 --- [    Test worker] c.l.i.controller.SongControllerTest      : Started SongControllerTest in 6.866 seconds (JVM running for 131.01)

MockHttpServletRequest:
      HTTP Method = POST
      Request URI = /songs/singlesong
       Parameters = {}
          Headers = [Content-Type:"application/json;charset=UTF-8", Content-Length:"366"]
             Body =     {
             "name": "Lost Stars",
             "artist": {
                 "id": 1,
                 "name": "Maroon 5"
             },
             "genre": {
                 "id": 1,
                 "name": "Pop"
             },
             "releasedDate": "3921-12-26T23:00:00.000+00:00",
             "uploadedDate": "3921-12-26T23:00:00.000+00:00"
}

    Session Attrs = {}

Handler:
             Type = com.listenup.individualassignment.controller.SongController
           Method = com.listenup.individualassignment.controller.SongController#createSingleSong(CreateSingleSongRequestDTO)

Async:
    Async started = false
     Async result = null

Resolved Exception:
             Type = null

ModelAndView:
        View name = null
             View = null
            Model = null

FlashMap:
       Attributes = null

MockHttpServletResponse:
           Status = 201
    Error message = null
          Headers = [Vary:"Origin", "Access-Control-Request-Method", "Access-Control-Request-Headers", Content-Type:"application/json", X-Content-Type-Options:"nosniff", X-XSS-Protection:"1; mode=block", Cache-Control:"no-cache, no-store, max-age=0, must-revalidate", Pragma:"no-cache", Expires:"0", X-Frame-Options:"DENY"]
     Content type = application/json
             Body = {"singleSongID":1}
    Forwarded URL = null
   Redirected URL = null
          Cookies = []

MockHttpServletRequest:
      HTTP Method = GET
      Request URI = /songs/1
       Parameters = {}
          Headers = []
             Body = null
    Session Attrs = {}

Handler:
             Type = com.listenup.individualassignment.controller.SongController
           Method = com.listenup.individualassignment.controller.SongController#getSongPath(long)

Async:
    Async started = false
     Async result = null

Resolved Exception:
             Type = null

ModelAndView:
        View name = null
             View = null
            Model = null

FlashMap:
       Attributes = null

MockHttpServletResponse:
           Status = 200
    Error message = null
          Headers = [Vary:"Origin", "Access-Control-Request-Method", "Access-Control-Request-Headers", Content-Type:"application/json", X-Content-Type-Options:"nosniff", X-XSS-Protection:"1; mode=block", Cache-Control:"no-cache, no-store, max-age=0, must-revalidate", Pragma:"no-cache", Expires:"0", X-Frame-Options:"DENY"]
     Content type = application/json
             Body = {"id":1,"name":"Lost Stars","artist":{"id":1,"name":"Maroon 5"},"genre":{"id":1,"name":"Pop"},"releasedDate":"3921-12-26T23:00:00.000+00:00","uploadedDate":"3921-12-26T23:00:00.000+00:00","liked":false}
    Forwarded URL = null
   Redirected URL = null
          Cookies = []

MockHttpServletRequest:
      HTTP Method = GET
      Request URI = /songs
       Parameters = {}
          Headers = []
             Body = null
    Session Attrs = {}

Handler:
             Type = com.listenup.individualassignment.controller.SongController
           Method = com.listenup.individualassignment.controller.SongController#getAllSongs()

Async:
    Async started = false
     Async result = null

Resolved Exception:
             Type = null

ModelAndView:
        View name = null
             View = null
            Model = null

FlashMap:
       Attributes = null

MockHttpServletResponse:
           Status = 200
    Error message = null
          Headers = [Vary:"Origin", "Access-Control-Request-Method", "Access-Control-Request-Headers", Content-Type:"application/json", X-Content-Type-Options:"nosniff", X-XSS-Protection:"1; mode=block", Cache-Control:"no-cache, no-store, max-age=0, must-revalidate", Pragma:"no-cache", Expires:"0", X-Frame-Options:"DENY"]
     Content type = application/json
             Body = [{"id":1,"name":"Lost Stars","artist":{"id":1,"name":"Maroon 5"},"genre":{"id":1,"name":"Pop"},"releasedDate":"3921-12-26T23:00:00.000+00:00","uploadedDate":"3921-12-26T23:00:00.000+00:00","liked":false}]
    Forwarded URL = null
   Redirected URL = null
          Cookies = []

MockHttpServletRequest:
      HTTP Method = PUT
      Request URI = /songs/1
       Parameters = {}
          Headers = [Content-Type:"application/json;charset=UTF-8", Content-Length:"336"]
             Body = {
         "id": 1,
         "name": "Lost Stars",
         "artist": {
             "id": 1,
             "name": "Maroon 5"
         },
         "genre": {
             "id": 1,
             "name": "Pop"
         },
         "releasedDate": "3921-12-26T23:00:00.000+00:00",
         "uploadedDate": "3921-12-26T23:00:00.000+00:00"
}

    Session Attrs = {}

Handler:
             Type = com.listenup.individualassignment.controller.SongController
           Method = com.listenup.individualassignment.controller.SongController#updateSong(long, SingleSongDTO)

Async:
    Async started = false
     Async result = null

Resolved Exception:
             Type = null

ModelAndView:
        View name = null
             View = null
            Model = null

FlashMap:
       Attributes = null

MockHttpServletResponse:
           Status = 204
    Error message = null
          Headers = [Vary:"Origin", "Access-Control-Request-Method", "Access-Control-Request-Headers", X-Content-Type-Options:"nosniff", X-XSS-Protection:"1; mode=block", Cache-Control:"no-cache, no-store, max-age=0, must-revalidate", Pragma:"no-cache", Expires:"0", X-Frame-Options:"DENY"]
     Content type = null
             Body = 
    Forwarded URL = null
   Redirected URL = null
          Cookies = []

MockHttpServletRequest:
      HTTP Method = GET
      Request URI = /songs/1
       Parameters = {}
          Headers = []
             Body = null
    Session Attrs = {}

Handler:
             Type = com.listenup.individualassignment.controller.SongController
           Method = com.listenup.individualassignment.controller.SongController#getSongPath(long)

Async:
    Async started = false
     Async result = null

Resolved Exception:
             Type = null

ModelAndView:
        View name = null
             View = null
            Model = null

FlashMap:
       Attributes = null

MockHttpServletResponse:
           Status = 404
    Error message = null
          Headers = [Vary:"Origin", "Access-Control-Request-Method", "Access-Control-Request-Headers", X-Content-Type-Options:"nosniff", X-XSS-Protection:"1; mode=block", Cache-Control:"no-cache, no-store, max-age=0, must-revalidate", Pragma:"no-cache", Expires:"0", X-Frame-Options:"DENY"]
     Content type = null
             Body = 
    Forwarded URL = null
   Redirected URL = null
          Cookies = []

MockHttpServletRequest:
      HTTP Method = GET
      Request URI = /songs
       Parameters = {}
          Headers = []
             Body = null
    Session Attrs = {}

Handler:
             Type = com.listenup.individualassignment.controller.SongController
           Method = com.listenup.individualassignment.controller.SongController#getAllSongs()

Async:
    Async started = false
     Async result = null

Resolved Exception:
             Type = null

ModelAndView:
        View name = null
             View = null
            Model = null

FlashMap:
       Attributes = null

MockHttpServletResponse:
           Status = 404
    Error message = null
          Headers = [Vary:"Origin", "Access-Control-Request-Method", "Access-Control-Request-Headers", X-Content-Type-Options:"nosniff", X-XSS-Protection:"1; mode=block", Cache-Control:"no-cache, no-store, max-age=0, must-revalidate", Pragma:"no-cache", Expires:"0", X-Frame-Options:"DENY"]
     Content type = null
             Body = 
    Forwarded URL = null
   Redirected URL = null
          Cookies = []

MockHttpServletRequest:
      HTTP Method = DELETE
      Request URI = /songs/1
       Parameters = {}
          Headers = []
             Body = null
    Session Attrs = {}

Handler:
             Type = com.listenup.individualassignment.controller.SongController
           Method = com.listenup.individualassignment.controller.SongController#deleteSong(int)

Async:
    Async started = false
     Async result = null

Resolved Exception:
             Type = null

ModelAndView:
        View name = null
             View = null
            Model = null

FlashMap:
       Attributes = null

MockHttpServletResponse:
           Status = 200
    Error message = null
          Headers = [Vary:"Origin", "Access-Control-Request-Method", "Access-Control-Request-Headers", X-Content-Type-Options:"nosniff", X-XSS-Protection:"1; mode=block", Cache-Control:"no-cache, no-store, max-age=0, must-revalidate", Pragma:"no-cache", Expires:"0", X-Frame-Options:"DENY"]
     Content type = null
             Body = 
    Forwarded URL = null
   Redirected URL = null
          Cookies = []

MockHttpServletRequest:
      HTTP Method = POST
      Request URI = /songs/albumsong
       Parameters = {}
          Headers = [Content-Type:"application/json;charset=UTF-8", Content-Length:"339"]
             Body = {
    "name": "Map",
    "album": {
        "id": 1,
        "name": "V",
        "artist": {
            "id": 1,
            "name": "Maroon 5"
        },
        "releasedDate": "3921-12-26T23:00:00.000+00:00",
        "uploadedDate": "3921-12-26T23:00:00.000+00:00"
    },
    "genre": {
        "id": 1,
        "name": "Pop"
    }
}

    Session Attrs = {}

Handler:
             Type = com.listenup.individualassignment.controller.SongController
           Method = com.listenup.individualassignment.controller.SongController#createAlbumSong(CreateAlbumSongRequestDTO)

Async:
    Async started = false
     Async result = null

Resolved Exception:
             Type = null

ModelAndView:
        View name = null
             View = null
            Model = null

FlashMap:
       Attributes = null

MockHttpServletResponse:
           Status = 201
    Error message = null
          Headers = [Vary:"Origin", "Access-Control-Request-Method", "Access-Control-Request-Headers", Content-Type:"application/json", X-Content-Type-Options:"nosniff", X-XSS-Protection:"1; mode=block", Cache-Control:"no-cache, no-store, max-age=0, must-revalidate", Pragma:"no-cache", Expires:"0", X-Frame-Options:"DENY"]
     Content type = application/json
             Body = {"albumSongID":1}
    Forwarded URL = null
   Redirected URL = null
          Cookies = []
]]></system-out>
  <system-err><![CDATA[]]></system-err>
</testsuite>
